----Resource Usage: 2025-01-22 09:10:01----
    PID    PPID %MEM COMMAND
   1153    1143  1.2 Xorg
      1       0  0.1 systemd
   1233    1230  0.9 slick-greeter
    340       1  0.1 systemd-journal
    895       1  0.2 NetworkManager

----Resource Usage: 2025-01-22 09:15:01----
    PID    PPID %MEM COMMAND
   2174    1847  3.3 chrome
   1847    1798  2.3 cinnamon
   1153    1143  1.2 Xorg
   2220    2190  2.1 chrome
   2222    2174  1.4 chrome

----Resource Usage: 2025-01-22 09:20:01----
    PID    PPID %MEM COMMAND
   2174    1847  3.4 chrome
   1847    1798  2.3 cinnamon
   1153    1143  1.2 Xorg
   2220    2190  2.1 chrome
   2298    2193  2.0 chrome

----Resource Usage: 2025-01-22 09:25:01----
    PID    PPID %MEM COMMAND
   2839    2751  5.2 slack
   2743    1847  2.3 slack
   2784    2748  1.8 slack
   1847    1798  2.3 cinnamon
   2174    1847  3.3 chrome

----Resource Usage: 2025-01-22 09:30:01----
    PID    PPID %MEM COMMAND
   2839    2751  5.3 slack
   2784    2748  1.8 slack
   2743    1847  2.3 slack
   1847    1798  2.3 cinnamon
   2174    1847  3.3 chrome

----Resource Usage: 2025-01-22 09:35:01----
    PID    PPID %MEM COMMAND
   2839    2751  5.3 slack
   2784    2748  1.8 slack
   1847    1798  2.3 cinnamon
   2743    1847  2.3 slack
   1153    1143  1.2 Xorg

----Resource Usage: 2025-01-22 09:40:01----
    PID    PPID %MEM COMMAND
   2839    2751  4.9 slack
   2784    2748  1.8 slack
   1847    1798  2.3 cinnamon
   2743    1847  2.4 slack
   1153    1143  1.2 Xorg

----Resource Usage: 2025-01-22 09:45:01----
    PID    PPID %MEM COMMAND
   3861    2193  3.3 chrome
   2839    2751  5.2 slack
   3828    2193  3.1 chrome
   1847    1798  2.3 cinnamon
   2220    2190  2.2 chrome

----Resource Usage: 2025-01-22 09:50:01----
    PID    PPID %MEM COMMAND
   3861    2193  3.5 chrome
   2839    2751  5.2 slack
   1847    1798  2.3 cinnamon
   2220    2190  2.2 chrome
   2174    1847  3.6 chrome

----Resource Usage: 2025-01-22 09:55:01----
    PID    PPID %MEM COMMAND
   3861    2193  3.6 chrome
   2839    2751  5.2 slack
   1847    1798  2.3 cinnamon
   2220    2190  2.2 chrome
   2174    1847  3.6 chrome

----Resource Usage: 2025-01-22 10:00:01----
    PID    PPID %MEM COMMAND
   4258    4254  0.0 ps
   3861    2193  3.4 chrome
   3910    2193  6.6 chrome
   2839    2751  4.9 slack
   2220    2190  2.5 chrome

----Resource Usage: 2025-01-22 10:05:01----
    PID    PPID %MEM COMMAND
   3861    2193  3.4 chrome
   3910    2193  6.5 chrome
   2839    2751  5.1 slack
   2220    2190  2.4 chrome
   1847    1798  2.3 cinnamon

----Resource Usage: 2025-01-22 10:10:01----
    PID    PPID %MEM COMMAND
   3910    2193  7.3 chrome
   3861    2193  3.5 chrome
   4417    1847  0.9 blueman-manager
   2839    2751  5.1 slack
   2220    2190  2.5 chrome

----Resource Usage: 2025-01-22 10:15:01----
    PID    PPID %MEM COMMAND
   3910    2193  7.8 chrome
   3861    2193  3.6 chrome
   2839    2751  4.9 slack
   2220    2190  2.5 chrome
   4417    1847  0.9 blueman-manager

----Resource Usage: 2025-01-22 10:20:01----
    PID    PPID %MEM COMMAND
   3861    2193  3.9 chrome
   3910    2193  7.8 chrome
   2220    2190  2.4 chrome
   1847    1798  2.4 cinnamon
   2839    2751  5.1 slack

----Resource Usage: 2025-01-22 10:25:01----
    PID    PPID %MEM COMMAND
   3861    2193  4.0 chrome
   3910    2193  8.1 chrome
   2220    2190  2.4 chrome
   1847    1798  2.4 cinnamon
   2839    2751  5.2 slack

----Resource Usage: 2025-01-22 10:30:01----
    PID    PPID %MEM COMMAND
   3861    2193  4.0 chrome
   3910    2193  8.1 chrome
   2220    2190  2.4 chrome
   1847    1798  2.4 cinnamon
   2839    2751  5.2 slack

----Resource Usage: 2025-01-22 10:35:01----
    PID    PPID %MEM COMMAND
   3861    2193  5.5 chrome
   3910    2193  8.1 chrome
   2220    2190  2.4 chrome
   1847    1798  2.4 cinnamon
   2839    2751  4.8 slack

----Resource Usage: 2025-01-22 10:40:01----
    PID    PPID %MEM COMMAND
   3861    2193  4.0 chrome
   3910    2193  8.2 chrome
   2220    2190  2.4 chrome
   1847    1798  2.4 cinnamon
   2839    2751  5.0 slack

----Resource Usage: 2025-01-22 10:45:01----
    PID    PPID %MEM COMMAND
   3861    2193  4.0 chrome
   3910    2193  8.4 chrome
   2220    2190  2.4 chrome
   1847    1798  2.4 cinnamon
   2839    2751  5.2 slack

----Resource Usage: 2025-01-22 10:50:01----
    PID    PPID %MEM COMMAND
   5707    5703  0.0 ps
   3861    2193  4.0 chrome
   3910    2193  8.5 chrome
   2220    2190  2.4 chrome
   1847    1798  2.4 cinnamon

----Resource Usage: 2025-01-22 10:55:01----
    PID    PPID %MEM COMMAND
   3861    2193  4.0 chrome
   3910    2193  6.1 chrome
   2220    2190  2.4 chrome
   1847    1798  2.4 cinnamon
   2174    1847  3.7 chrome

----Resource Usage: 2025-01-22 11:00:01----
    PID    PPID %MEM COMMAND
   3861    2193  4.0 chrome
   3910    2193  7.3 chrome
   2220    2190  2.5 chrome
   1847    1798  2.4 cinnamon
   2174    1847  3.7 chrome

----Resource Usage: 2025-01-22 11:35:01----
    PID    PPID %MEM COMMAND
   6927    6923  0.0 ps
   6709    6637  3.4 code
   6243    1847  4.8 firefox-bin
   6466    6243  4.6 Isolated Web Co
   6629    1847  2.2 code

----Resource Usage: 2025-01-22 11:40:01----
    PID    PPID %MEM COMMAND
   6709    6637  3.5 code
   6671    6634  1.8 code
   3861    2193  4.2 chrome
   6753    6629  1.6 code
   7124    6637  1.3 code

----Resource Usage: 2025-01-22 11:45:01----
    PID    PPID %MEM COMMAND
   7490    2193  3.3 chrome
   3861    2193  4.2 chrome
   7433    2193  2.7 chrome
   1847    1798  2.6 cinnamon
   2220    2190  2.4 chrome

----Resource Usage: 2025-01-22 11:50:02----
    PID    PPID %MEM COMMAND
   8171    8167  0.0 ps
   1847    1798  2.8 cinnamon
   2220    2190  2.5 chrome
   2174    1847  3.9 chrome
   6243    1847  4.6 firefox-bin

----Resource Usage: 2025-01-22 11:55:01----
    PID    PPID %MEM COMMAND
  10146    2193  3.7 chrome
   9678    9605  2.8 code
  10171    2193  2.7 chrome
   9902    9598  4.5 code
   7969    2193  4.8 chrome

----Resource Usage: 2025-01-22 12:00:01----
    PID    PPID %MEM COMMAND
   7969    2193  4.1 chrome
  10909    2193  3.4 chrome
   9678    9605  2.7 code
   1847    1798  3.1 cinnamon
   2220    2190  2.6 chrome

----Resource Usage: 2025-01-22 12:05:12----
    PID    PPID %MEM COMMAND
  11260   11256  0.0 ps
   7969    2193  4.2 chrome
  10909    2193  3.3 chrome
   1847    1798  3.1 cinnamon
   2220    2190  2.6 chrome

----Resource Usage: 2025-01-22 13:00:37----
    PID    PPID %MEM COMMAND
   1847    1798  3.1 cinnamon
   2220    2190  2.5 chrome
   2174    1847  4.3 chrome
   1153    1143  1.4 Xorg
   2839    2751  5.1 slack

----Resource Usage: 2025-01-22 13:05:01----
    PID    PPID %MEM COMMAND
  11838    2193  3.6 chrome
  11921    2193  3.1 chrome
  11814    2193  3.0 chrome
   1847    1798  3.1 cinnamon
   2220    2190  2.6 chrome

----Resource Usage: 2025-01-22 13:10:01----
    PID    PPID %MEM COMMAND
  11921    2193  7.7 chrome
  11838    2193  3.3 chrome
   2220    2190  2.6 chrome
   1847    1798  3.1 cinnamon
   2174    1847  4.3 chrome

----Resource Usage: 2025-01-22 13:15:01----
    PID    PPID %MEM COMMAND
  11921    2193  8.3 chrome
  11838    2193  3.3 chrome
   2220    2190  2.6 chrome
   1847    1798  3.1 cinnamon
   2174    1847  4.3 chrome

----Resource Usage: 2025-01-22 13:20:01----
    PID    PPID %MEM COMMAND
  11921    2193  9.0 chrome
  12422   12349  2.8 code
  12460   12341  4.5 code
   2220    2190  2.6 chrome
  12386   12346  1.7 code

----Resource Usage: 2025-01-22 13:25:01----
    PID    PPID %MEM COMMAND
  11921    2193  4.9 chrome
  12422   12349  3.0 code
   2220    2190  2.6 chrome
  12460   12341  4.9 code
   1847    1798  3.3 cinnamon

----Resource Usage: 2025-01-22 13:30:01----
    PID    PPID %MEM COMMAND
  11921    2193  4.9 chrome
  12422   12349  3.3 code
   2220    2190  2.6 chrome
   1847    1798  3.3 cinnamon
   2174    1847  4.3 chrome

----Resource Usage: 2025-01-22 13:35:00----
    PID    PPID %MEM COMMAND
  13178   13174  0.0 ps
  11921    2193  5.5 chrome
  12422   12349  3.2 code
   2220    2190  2.6 chrome
   1847    1798  3.3 cinnamon

----Resource Usage: 2025-01-22 13:40:01----
    PID    PPID %MEM COMMAND
  13832   13828  0.0 ps
  11921    2193  4.8 chrome
  12422   12349  3.7 code
   2220    2190  2.6 chrome
   1847    1798  3.3 cinnamon

----Resource Usage: 2025-01-22 13:45:01----
    PID    PPID %MEM COMMAND
  11921    2193  5.2 chrome
  12422   12349  3.5 code
   2220    2190  2.6 chrome
   1847    1798  3.3 cinnamon
  14055    2193  1.4 chrome

----Resource Usage: 2025-01-22 13:50:01----
    PID    PPID %MEM COMMAND
  11921    2193  4.7 chrome
  12422   12349  3.6 code
   2220    2190  2.7 chrome
   1847    1798  3.3 cinnamon
  12386   12346  1.7 code

----Resource Usage: 2025-01-22 13:55:01----
    PID    PPID %MEM COMMAND
  15010   15007  0.0 sh
  11921    2193  4.8 chrome
  14528    2193  2.8 chrome
  12422   12349  3.5 code
  14459    1847  1.1 nemo

----Resource Usage: 2025-01-22 14:00:01----
    PID    PPID %MEM COMMAND
  15298   15294  0.0 ps
  11921    2193  5.0 chrome
  15291     801  0.0 cron
  12422   12349  3.6 code
  14459    1847  1.0 nemo

----Resource Usage: 2025-01-22 14:05:01----
    PID    PPID %MEM COMMAND
  11921    2193  5.2 chrome
  12422   12349  3.8 code
   2220    2190  2.7 chrome
   1847    1798  3.3 cinnamon
  14459    1847  1.0 nemo

----Resource Usage: 2025-01-22 14:10:01----
    PID    PPID %MEM COMMAND
  11921    2193  4.8 chrome
  12422   12349  3.6 code
   2220    2190  2.7 chrome
   1847    1798  3.3 cinnamon
   2174    1847  4.5 chrome

----Resource Usage: 2025-01-22 14:15:01----
    PID    PPID %MEM COMMAND
  11921    2193  4.8 chrome
  12422   12349  3.1 code
   1847    1798  3.3 cinnamon
   2220    2190  2.7 chrome
   2174    1847  4.5 chrome

----Resource Usage: 2025-01-22 14:20:01----
    PID    PPID %MEM COMMAND
  12422   12349  3.3 code
   1847    1798  3.3 cinnamon
   2220    2190  2.6 chrome
   2174    1847  4.2 chrome
   1153    1143  1.4 Xorg

----Resource Usage: 2025-01-22 14:25:01----
    PID    PPID %MEM COMMAND
  12422   12349  3.3 code
   1847    1798  3.3 cinnamon
   2220    2190  2.6 chrome
   2174    1847  4.1 chrome
   1153    1143  1.4 Xorg

----Resource Usage: 2025-01-22 14:30:01----
    PID    PPID %MEM COMMAND
  12422   12349  3.3 code
   1847    1798  3.3 cinnamon
   2220    2190  2.6 chrome
   2174    1847  4.1 chrome
   1153    1143  1.4 Xorg

----Resource Usage: 2025-01-22 14:35:01----
    PID    PPID %MEM COMMAND
  15991    2193  4.3 chrome
  12422   12349  3.3 code
   1847    1798  3.3 cinnamon
   2220    2190  2.7 chrome
   2174    1847  4.3 chrome

----Resource Usage: 2025-01-22 14:40:01----
    PID    PPID %MEM COMMAND
  15991    2193  4.4 chrome
  12422   12349  3.3 code
   1847    1798  3.3 cinnamon
   2220    2190  2.6 chrome
   2174    1847  4.3 chrome

----Resource Usage: 2025-01-22 14:45:01----
    PID    PPID %MEM COMMAND
  15991    2193  4.5 chrome
  12422   12349  3.1 code
  16632   12341  4.4 code
  17115    1399  0.5 gnome-terminal-
   1847    1798  3.3 cinnamon

----Resource Usage: 2025-01-22 14:50:01----
    PID    PPID %MEM COMMAND
  15991    2193  4.1 chrome
  18020    2193  3.4 chrome
  18117    2193  1.4 chrome
  12422   12349  3.1 code
   1847    1798  3.3 cinnamon

----Resource Usage: 2025-01-22 14:55:01----
    PID    PPID %MEM COMMAND
  18811   18807  0.0 ps
  18501    2193  6.8 chrome
  15991    2193  4.1 chrome
  18194    2193  3.6 chrome
  12422   12349  3.1 code

----Resource Usage: 2025-01-22 15:00:01----
    PID    PPID %MEM COMMAND
  19031   19027  0.0 ps
  18501    2193  7.2 chrome
  15991    2193  4.1 chrome
  12422   12349  3.1 code
   2220    2190  2.9 chrome

----Resource Usage: 2025-01-22 15:05:01----
    PID    PPID %MEM COMMAND
  18501    2193  7.5 chrome
  15991    2193  4.2 chrome
   2220    2190  2.9 chrome
  12422   12349  3.1 code
   1847    1798  3.3 cinnamon

----Resource Usage: 2025-01-22 15:10:01----
    PID    PPID %MEM COMMAND
  18501    2193  7.3 chrome
  19251    2193  2.5 chrome
  15991    2193  4.2 chrome
   2220    2190  2.8 chrome
   1847    1798  3.3 cinnamon

----Resource Usage: 2025-01-22 15:15:01----
    PID    PPID %MEM COMMAND
  19633   19629  0.0 ps
  18501    2193  8.1 chrome
  15991    2193  4.2 chrome
  19251    2193  2.6 chrome
   2220    2190  2.8 chrome

----Resource Usage: 2025-01-22 15:20:01----
    PID    PPID %MEM COMMAND
  19836   19832  0.0 ps
  18501    2193  9.3 chrome
  19251    2193  2.6 chrome
  15991    2193  4.2 chrome
   2220    2190  2.8 chrome

----Resource Usage: 2025-01-22 15:25:01----
    PID    PPID %MEM COMMAND
  18501    2193  8.3 chrome
  19251    2193  2.7 chrome
  15991    2193  4.2 chrome
   2220    2190  2.8 chrome
   1847    1798  3.3 cinnamon

----Resource Usage: 2025-01-22 15:30:01----
    PID    PPID %MEM COMMAND
  18501    2193 11.4 chrome
  19251    2193  2.6 chrome
  15991    2193  4.3 chrome
   2220    2190  2.8 chrome
   1847    1798  3.3 cinnamon

----Resource Usage: 2025-01-22 15:35:01----
    PID    PPID %MEM COMMAND
  20811   20807  0.0 ps
  18501    2193 10.9 chrome
  19251    2193  2.5 chrome
   2220    2190  2.9 chrome
  15991    2193  4.3 chrome

----Resource Usage: 2025-01-22 15:40:01----
    PID    PPID %MEM COMMAND
  18501    2193  9.5 chrome
  21207    2193  1.6 chrome
  19251    2193  2.4 chrome
   2220    2190  2.8 chrome
  15991    2193  4.3 chrome

----Resource Usage: 2025-01-22 15:45:01----
    PID    PPID %MEM COMMAND
  18501    2193 10.5 chrome
  19251    2193  2.5 chrome
   2220    2190  2.8 chrome
  21598    2193  1.6 chrome
   1847    1798  3.2 cinnamon

----Resource Usage: 2025-01-22 15:50:01----
    PID    PPID %MEM COMMAND
  21975   21971  0.0 ps
  18501    2193 11.4 chrome
  19251    2193  2.6 chrome
   2220    2190  2.8 chrome
   1847    1798  3.2 cinnamon

----Resource Usage: 2025-01-22 15:55:01----
    PID    PPID %MEM COMMAND
  22155   22151  0.0 ps
  18501    2193 10.0 chrome
  19251    2193  2.6 chrome
   2220    2190  2.9 chrome
   1847    1798  3.2 cinnamon

----Resource Usage: 2025-01-22 16:00:01----
    PID    PPID %MEM COMMAND
  22380   22376  0.0 ps
  18501    2193 10.2 chrome
  19251    2193  2.6 chrome
   2220    2190  2.8 chrome
   1847    1798  3.2 cinnamon

----Resource Usage: 2025-01-22 16:05:01----
    PID    PPID %MEM COMMAND
  18501    2193 11.6 chrome
   2220    2190  2.8 chrome
  19251    2193  2.3 chrome
   1847    1798  3.1 cinnamon
  15991    2193  4.2 chrome

----Resource Usage: 2025-01-22 16:35:01----
    PID    PPID %MEM COMMAND
  18501    2193 10.1 chrome
   2220    2190  2.6 chrome
   1847    1798  3.2 cinnamon
  19251    2193  2.3 chrome
   1153    1143  1.5 Xorg

----Resource Usage: 2025-01-22 16:40:01----
    PID    PPID %MEM COMMAND
  18501    2193 10.4 chrome
  23331    2193  3.4 chrome
   2220    2190  2.4 chrome
   1847    1798  3.2 cinnamon
  19251    2193  2.3 chrome

----Resource Usage: 2025-01-22 16:45:01----
    PID    PPID %MEM COMMAND
  23678   23674  0.0 ps
  18501    2193 12.4 chrome
   2220    2190  2.4 chrome
   1847    1798  2.9 cinnamon
  19251    2193  2.3 chrome

----Resource Usage: 2025-01-22 16:50:01----
    PID    PPID %MEM COMMAND
  23913   12341  6.1 code
  23992   23913  1.3 code
  18501    2193 11.9 chrome
  23981   23913  1.0 code
   2220    2190  2.2 chrome

----Resource Usage: 2025-01-22 16:55:01----
    PID    PPID %MEM COMMAND
  18501    2193 11.1 chrome
   2220    2190  2.3 chrome
   1847    1798  2.9 cinnamon
  23913   12341  4.6 code
  15991    2193  4.5 chrome

----Resource Usage: 2025-01-22 17:00:01----
    PID    PPID %MEM COMMAND
  18501    2193 11.4 chrome
   2220    2190  2.2 chrome
   1847    1798  2.8 cinnamon
  15991    2193  4.7 chrome
   1153    1143  1.4 Xorg

----Resource Usage: 2025-01-22 17:05:01----
    PID    PPID %MEM COMMAND
  18501    2193 10.9 chrome
  24504   12341  5.3 code
   2220    2190  2.2 chrome
  15991    2193  4.8 chrome
   1847    1798  2.8 cinnamon

----Resource Usage: 2025-01-22 17:10:01----
    PID    PPID %MEM COMMAND
  18501    2193 11.1 chrome
   2220    2190  2.2 chrome
  15991    2193  4.8 chrome
   1847    1798  2.8 cinnamon
  24504   12341  5.0 code

----Resource Usage: 2025-01-22 17:15:01----
    PID    PPID %MEM COMMAND
  18501    2193 10.8 chrome
  15991    2193  4.8 chrome
   2220    2190  2.2 chrome
   1847    1798  2.8 cinnamon
   1153    1143  1.4 Xorg

----Resource Usage: 2025-01-22 17:20:01----
    PID    PPID %MEM COMMAND
  25828   25824  0.0 ps
  18501    2193 11.1 chrome
  15991    2193  4.9 chrome
   2220    2190  2.2 chrome
   1847    1798  2.8 cinnamon

----Resource Usage: 2025-01-22 17:25:01----
    PID    PPID %MEM COMMAND
  18501    2193 11.3 chrome
  15991    2193  4.7 chrome
   2220    2190  2.2 chrome
   1847    1798  2.8 cinnamon
   1153    1143  1.4 Xorg

----Resource Usage: 2025-01-22 17:30:01----
    PID    PPID %MEM COMMAND
  18501    2193 10.9 chrome
  15991    2193  4.9 chrome
   2220    2190  2.2 chrome
   1847    1798  2.8 cinnamon
   1153    1143  1.4 Xorg

----Resource Usage: 2025-01-22 17:35:01----
    PID    PPID %MEM COMMAND
  18501    2193 11.1 chrome
  15991    2193  5.2 chrome
   2220    2190  2.2 chrome
   1847    1798  2.8 cinnamon
   1153    1143  1.4 Xorg

----Resource Usage: 2025-01-22 17:40:01----
    PID    PPID %MEM COMMAND
  18501    2193 11.3 chrome
  26189   12341  4.3 code
  15991    2193  5.0 chrome
   2220    2190  2.2 chrome
   1847    1798  2.8 cinnamon

----Resource Usage: 2025-01-22 17:45:01----
    PID    PPID %MEM COMMAND
  18501    2193 10.9 chrome
  15991    2193  5.1 chrome
   2220    2190  2.2 chrome
   1847    1798  2.8 cinnamon
  26189   12341  5.0 code

----Resource Usage: 2025-01-22 17:50:01----
    PID    PPID %MEM COMMAND
  18501    2193 11.2 chrome
  15991    2193  5.0 chrome
   2220    2190  2.2 chrome
   1847    1798  2.8 cinnamon
   1153    1143  1.4 Xorg

----Resource Usage: 2025-01-22 17:55:01----
    PID    PPID %MEM COMMAND
  18501    2193 11.4 chrome
  15991    2193  5.1 chrome
   2220    2190  2.2 chrome
   1847    1798  2.8 cinnamon
  12422   12349  3.8 code

----Resource Usage: 2025-01-22 20:55:01----
    PID    PPID %MEM COMMAND
   3165    3161  0.0 ps
   2714    2519  4.5 chrome
   2751    2519  4.1 chrome
   2189    2096  3.2 code
   2500    1757  4.0 chrome

----Resource Usage: 2025-01-22 21:50:01----
    PID    PPID %MEM COMMAND
   2263    2173  3.1 code
   2321    2166  4.3 code
   2166    1762  2.3 code
   2206    2170  1.7 code
   2478    2166  1.3 code

----Resource Usage: 2025-01-22 21:55:01----
    PID    PPID %MEM COMMAND
   3385    3203  4.5 chrome
   3183    1762  4.0 chrome
   3289    3203  3.7 chrome
   3406    3203  3.6 chrome
   3526    3203  3.1 chrome

----Resource Usage: 2025-01-22 22:00:01----
    PID    PPID %MEM COMMAND
   2263    2173  3.5 code
   3183    1762  3.9 chrome
   3526    3203  2.8 chrome
   1762    1717  2.4 cinnamon
   3385    3203  4.2 chrome

----Resource Usage: 2025-01-22 22:05:01----
    PID    PPID %MEM COMMAND
   5054    4966  5.4 slack
   3183    1762  3.9 chrome
   4958    1762  2.3 slack
   1762    1717  2.5 cinnamon
   3231    3200  2.4 chrome

