----Resource Usage: 2025-02-18 09:05:01----
    PID    PPID %MEM COMMAND
      1       0  0.1 systemd
   1320    1319  0.9 slick-greeter
   1234    1218  1.2 Xorg
    343       1  0.1 systemd-journal
    374       1  0.1 systemd-udevd

----Resource Usage: 2025-02-18 09:10:01----
    PID    PPID %MEM COMMAND
   2063    2014  2.3 cinnamon
   2108    1655  0.7 blueman-applet
   2111    1655  0.8 nemo-desktop
   2564       1  0.6 mintreport-tray
   1234    1218  1.2 Xorg

----Resource Usage: 2025-02-18 09:15:01----
    PID    PPID %MEM COMMAND
   3225    3142  5.3 chrome
   3043    2955  4.7 slack
   3122       1  4.1 chrome
   2596    2589  4.5 brave
   3166    3139  2.3 chrome

----Resource Usage: 2025-02-18 09:20:01----
    PID    PPID %MEM COMMAND
   3763    3142  5.6 chrome
   3166    3139  2.4 chrome
   2063    2014  2.5 cinnamon
   3225    3142  5.0 chrome
   4937    4762  2.8 MongoDB Compass

----Resource Usage: 2025-02-18 09:25:01----
    PID    PPID %MEM COMMAND
   3763    3142  7.7 chrome
   5452    5380  3.1 code
   7336    5372  4.8 code
   3166    3139  2.5 chrome
   2063    2014  2.6 cinnamon

----Resource Usage: 2025-02-18 09:30:01----
    PID    PPID %MEM COMMAND
   3763    3142  7.4 chrome
   5452    5380  3.4 code
   2822    2609  3.9 brave
   2063    2014  2.2 cinnamon
   3166    3139  2.4 chrome

----Resource Usage: 2025-02-18 09:35:01----
    PID    PPID %MEM COMMAND
   3763    3142  7.2 chrome
   2822    2609  4.2 brave
   2063    2014  2.2 cinnamon
   3166    3139  1.9 chrome
   5452    5380  3.4 code

----Resource Usage: 2025-02-18 09:40:01----
    PID    PPID %MEM COMMAND
  11019   11015  0.0 ps
   3763    3142  7.5 chrome
   2822    2609  4.2 brave
   9922    5372  5.6 code
   2063    2014  2.2 cinnamon

----Resource Usage: 2025-02-18 09:45:01----
    PID    PPID %MEM COMMAND
  11444   11440  0.0 ps
   3763    3142  7.2 chrome
   2822    2609  4.2 brave
   3166    3139  2.0 chrome
   2063    2014  2.2 cinnamon

----Resource Usage: 2025-02-18 09:50:01----
    PID    PPID %MEM COMMAND
   3763    3142  7.5 chrome
   2822    2609  4.2 brave
   3166    3139  2.0 chrome
   2063    2014  2.2 cinnamon
  11669    9922  2.5 code

----Resource Usage: 2025-02-18 09:55:01----
    PID    PPID %MEM COMMAND
   3763    3142  8.4 chrome
   3166    3139  2.0 chrome
   2822    2609  4.2 brave
   2063    2014  2.3 cinnamon
   5452    5380  3.7 code

----Resource Usage: 2025-02-18 10:00:01----
    PID    PPID %MEM COMMAND
   3763    3142  8.5 chrome
   3166    3139  2.0 chrome
  12721    3142  1.3 chrome
   2063    2014  2.3 cinnamon
   2822    2609  4.2 brave

----Resource Usage: 2025-02-18 10:05:01----
    PID    PPID %MEM COMMAND
   3763    3142  7.5 chrome
   3166    3139  1.8 chrome
   2063    2014  2.0 cinnamon
   2822    2609  4.2 brave
  13110    1614  2.9 celluloid

----Resource Usage: 2025-02-18 10:10:01----
    PID    PPID %MEM COMMAND
   3763    3142  7.4 chrome
   3166    3139  1.8 chrome
   2063    2014  2.0 cinnamon
   2822    2609  4.2 brave
  13110    1614  2.8 celluloid

----Resource Usage: 2025-02-18 10:15:01----
    PID    PPID %MEM COMMAND
  13798    2609  7.4 brave
   3763    3142  7.0 chrome
   3166    3139  1.7 chrome
   2063    2014  2.0 cinnamon
   2822    2609  3.8 brave

----Resource Usage: 2025-02-18 10:20:01----
    PID    PPID %MEM COMMAND
   3763    3142  7.1 chrome
  13798    2609  7.4 brave
   3166    3139  1.8 chrome
   2063    2014  2.0 cinnamon
   2822    2609  3.5 brave

----Resource Usage: 2025-02-18 10:25:01----
    PID    PPID %MEM COMMAND
  15014   15010  0.0 ps
   3763    3142  6.2 chrome
  13798    2609  7.3 brave
   3166    3139  1.8 chrome
   2063    2014  2.0 cinnamon

----Resource Usage: 2025-02-18 10:30:01----
    PID    PPID %MEM COMMAND
   3763    3142  6.1 chrome
  13798    2609  7.3 brave
   3166    3139  1.7 chrome
   2063    2014  2.0 cinnamon
   2822    2609  3.6 brave

----Resource Usage: 2025-02-18 10:35:01----
    PID    PPID %MEM COMMAND
  15918   15914  0.0 ps
   3763    3142  6.5 chrome
  13798    2609  7.3 brave
   3166    3139  1.8 chrome
   2063    2014  2.0 cinnamon

----Resource Usage: 2025-02-18 10:40:01----
    PID    PPID %MEM COMMAND
  16611   16607  0.0 ps
   3763    3142  6.3 chrome
  16445    1614  2.8 celluloid
  13798    2609  7.4 brave
   2063    2014  2.0 cinnamon

----Resource Usage: 2025-02-18 10:45:01----
    PID    PPID %MEM COMMAND
   3763    3142  6.4 chrome
  13798    2609  7.3 brave
   2063    2014  2.0 cinnamon
   3166    3139  1.9 chrome
  16445    1614  2.8 celluloid

----Resource Usage: 2025-02-18 10:50:01----
    PID    PPID %MEM COMMAND
  17517    3142  5.3 chrome
  17369    3142  3.0 chrome
   3763    3142  6.3 chrome
   2063    2014  2.0 cinnamon
  13798    2609  7.4 brave

----Resource Usage: 2025-02-18 10:55:01----
    PID    PPID %MEM COMMAND
  17369    3142  4.0 chrome
   3763    3142  5.9 chrome
  17662    3142  5.4 chrome
   3166    3139  2.3 chrome
   2063    2014  2.0 cinnamon

----Resource Usage: 2025-02-18 11:00:01----
    PID    PPID %MEM COMMAND
  17369    3142  3.9 chrome
   3763    3142  5.8 chrome
  17662    3142  5.4 chrome
   3166    3139  2.3 chrome
   2063    2014  2.0 cinnamon

----Resource Usage: 2025-02-18 11:05:01----
    PID    PPID %MEM COMMAND
  19142   19138  0.0 ps
  17369    3142  3.9 chrome
  19133     801  0.0 cron
  17662    3142  6.1 chrome
   3763    3142  5.8 chrome

----Resource Usage: 2025-02-18 11:10:01----
    PID    PPID %MEM COMMAND
  17369    3142  4.0 chrome
  19386    3142  6.0 chrome
  17662    3142  5.7 chrome
  19657     801  0.0 cron
   3166    3139  2.5 chrome

----Resource Usage: 2025-02-18 11:15:01----
    PID    PPID %MEM COMMAND
  20158    3142  7.9 chrome
  17369    3142  4.0 chrome
  19386    3142  5.5 chrome
  17662    3142  4.0 chrome
   3166    3139  2.2 chrome

----Resource Usage: 2025-02-18 11:20:01----
    PID    PPID %MEM COMMAND
  21724   21720  0.0 ps
  17369    3142  3.6 chrome
  19386    3142  6.0 chrome
  17662    3142  4.0 chrome
   3166    3139  1.9 chrome

----Resource Usage: 2025-02-18 11:25:01----
    PID    PPID %MEM COMMAND
  17369    3142  5.1 chrome
  22190    3142  1.3 chrome
  17662    3142  4.1 chrome
  19386    3142  6.0 chrome
   3166    3139  2.5 chrome

----Resource Usage: 2025-02-18 11:30:01----
    PID    PPID %MEM COMMAND
  22861   22857  0.0 ps
  17369    3142  4.0 chrome
  17662    3142  4.1 chrome
  19386    3142  6.0 chrome
   3166    3139  2.0 chrome

----Resource Usage: 2025-02-18 11:35:01----
    PID    PPID %MEM COMMAND
  23289   23285  0.0 ps
  17369    3142  4.0 chrome
  17662    3142  4.3 chrome
   3166    3139  2.1 chrome
  19386    3142  6.0 chrome

----Resource Usage: 2025-02-18 11:40:01----
    PID    PPID %MEM COMMAND
  17369    3142  2.8 chrome
  17662    3142  4.2 chrome
   3166    3139  1.9 chrome
  19386    3142  6.0 chrome
   3763    3142  6.5 chrome

----Resource Usage: 2025-02-18 11:45:01----
    PID    PPID %MEM COMMAND
  17369    3142  2.7 chrome
   3166    3139  1.9 chrome
  17662    3142  4.1 chrome
   3763    3142  8.0 chrome
  19386    3142  6.2 chrome

----Resource Usage: 2025-02-18 11:50:01----
    PID    PPID %MEM COMMAND
  17369    3142  2.7 chrome
   3166    3139  1.8 chrome
  17662    3142  4.1 chrome
   3763    3142  7.0 chrome
  19386    3142  6.1 chrome

----Resource Usage: 2025-02-18 12:20:01----
    PID    PPID %MEM COMMAND
  26025   26018  3.3 node
  17369    3142  1.9 chrome
  25042    5372  5.4 code
   3166    3139  1.3 chrome
   3763    3142  6.2 chrome

----Resource Usage: 2025-02-18 12:25:01----
    PID    PPID %MEM COMMAND
  17369    3142  1.1 chrome
  26956   26871  1.9 MongoDB Compass
   3166    3139  1.0 chrome
   3763    3142  5.7 chrome
  17662    3142  2.3 chrome

----Resource Usage: 2025-02-18 12:30:01----
    PID    PPID %MEM COMMAND
  27434   27430  0.0 ps
  17369    3142  1.1 chrome
  26956   26871  1.8 MongoDB Compass
   3166    3139  0.9 chrome
   3763    3142  5.7 chrome

----Resource Usage: 2025-02-18 12:35:01----
    PID    PPID %MEM COMMAND
  17369    3142  1.0 chrome
  26956   26871  2.0 MongoDB Compass
   3166    3139  0.9 chrome
  17662    3142  2.3 chrome
   2063    2014  1.1 cinnamon

----Resource Usage: 2025-02-18 12:40:01----
    PID    PPID %MEM COMMAND
  30378   30374  0.0 ps
  30112   30091  6.1 next-server (v1
  17369    3142  0.9 chrome
  26956   26871  1.5 MongoDB Compass
   3166    3139  0.8 chrome

----Resource Usage: 2025-02-18 12:45:01----
    PID    PPID %MEM COMMAND
  17369    3142  0.9 chrome
   3166    3139  0.8 chrome
  26956   26871  1.7 MongoDB Compass
  17662    3142  1.9 chrome
   2063    2014  0.9 cinnamon

----Resource Usage: 2025-02-18 12:50:02----
    PID    PPID %MEM COMMAND
  17369    3142  0.9 chrome
   3166    3139  0.9 chrome
  26956   26871  1.6 MongoDB Compass
  17662    3142  2.0 chrome
   2063    2014  1.1 cinnamon

----Resource Usage: 2025-02-18 12:55:01----
    PID    PPID %MEM COMMAND
  17369    3142  0.9 chrome
   3166    3139  0.8 chrome
  17662    3142  2.0 chrome
  26956   26871  1.6 MongoDB Compass
   2063    2014  1.0 cinnamon

----Resource Usage: 2025-02-18 13:00:01----
    PID    PPID %MEM COMMAND
  32991   32987  0.0 ps
  17369    3142  0.9 chrome
   3166    3139  0.6 chrome
  17662    3142  1.8 chrome
   2063    2014  1.0 cinnamon

----Resource Usage: 2025-02-18 13:05:01----
    PID    PPID %MEM COMMAND
  17369    3142  0.9 chrome
   3166    3139  0.6 chrome
  17662    3142  1.8 chrome
   2063    2014  1.0 cinnamon
  26956   26871  1.8 MongoDB Compass

----Resource Usage: 2025-02-18 13:10:49----
    PID    PPID %MEM COMMAND
   2437    2433  0.0 ps
   1973    1925  2.3 cinnamon
   2379       1  1.1 mintUpdate
   2021    1564  0.7 blueman-applet
   1158    1143  1.2 Xorg

----Resource Usage: 2025-02-18 13:15:01----
    PID    PPID %MEM COMMAND
   2947    2464  4.5 chrome
   3138    2464  2.0 chrome
   2021    1564  0.7 blueman-applet
   2445    1973  3.7 chrome
   2490    2461  2.6 chrome

----Resource Usage: 2025-02-18 13:20:01----
    PID    PPID %MEM COMMAND
   3437    2464  5.0 chrome
   2021    1564  0.7 blueman-applet
   3380    2464  4.2 chrome
   2445    1973  4.1 chrome
   2490    2461  2.5 chrome

----Resource Usage: 2025-02-18 13:25:01----
    PID    PPID %MEM COMMAND
   4860    2464  7.5 chrome
   2021    1564  0.7 blueman-applet
   2490    2461  2.6 chrome
   2445    1973  4.3 chrome
   1973    1925  2.3 cinnamon

----Resource Usage: 2025-02-18 13:30:01----
    PID    PPID %MEM COMMAND
   2021    1564  0.7 blueman-applet
   5200    2464  4.8 chrome
   2490    2461  2.6 chrome
   2445    1973  4.3 chrome
   1973    1925  2.3 cinnamon

----Resource Usage: 2025-02-18 13:35:01----
    PID    PPID %MEM COMMAND
   5200    2464  6.3 chrome
   2021    1564  0.7 blueman-applet
   2490    2461  2.7 chrome
   2445    1973  4.3 chrome
   1973    1925  2.3 cinnamon

----Resource Usage: 2025-02-18 13:40:01----
    PID    PPID %MEM COMMAND
   7030    7020  3.6 vdb
   5913    5837  4.5 code
   6567    6155  3.3 code
   6155    5829  5.6 code
   6879    6757  5.9 TabNine-deep-lo

----Resource Usage: 2025-02-18 13:45:01----
    PID    PPID %MEM COMMAND
  11189    5614  5.5 brave
   7030    7020  2.4 vdb
   2021    1564  0.7 blueman-applet
   5913    5837  4.2 code
   2490    2461  2.6 chrome

----Resource Usage: 2025-02-18 13:50:01----
    PID    PPID %MEM COMMAND
  12197    2464  3.5 chrome
   2021    1564  0.5 blueman-applet
   5913    5837  4.5 code
   7030    7020  2.3 vdb
   2490    2461  2.4 chrome

----Resource Usage: 2025-02-18 13:55:01----
    PID    PPID %MEM COMMAND
   2021    1564  0.5 blueman-applet
   5913    5837  4.9 code
   2490    2461  2.1 chrome
   2445    1973  3.6 chrome
   7030    7020  2.3 vdb

----Resource Usage: 2025-02-18 14:00:01----
    PID    PPID %MEM COMMAND
   2021    1564  0.5 blueman-applet
   5913    5837  5.0 code
   2490    2461  2.1 chrome
   2445    1973  3.6 chrome
    797       1  0.0 dbus-daemon

----Resource Usage: 2025-02-18 14:05:01----
    PID    PPID %MEM COMMAND
   2021    1564  0.5 blueman-applet
   5913    5837  4.9 code
   2490    2461  2.1 chrome
   2445    1973  3.6 chrome
    797       1  0.0 dbus-daemon

----Resource Usage: 2025-02-18 14:10:01----
    PID    PPID %MEM COMMAND
   2021    1564  0.5 blueman-applet
   5913    5837  4.9 code
    797       1  0.0 dbus-daemon
   2445    1973  3.6 chrome
   2490    2461  2.1 chrome

----Resource Usage: 2025-02-18 14:15:01----
    PID    PPID %MEM COMMAND
   2021    1564  0.5 blueman-applet
  15053    2464  1.3 chrome
   5913    5837  5.0 code
    797       1  0.0 dbus-daemon
   2445    1973  3.5 chrome

----Resource Usage: 2025-02-18 14:20:01----
    PID    PPID %MEM COMMAND
  16012   15993  9.2 next-server (v1
   2021    1564  0.5 blueman-applet
   5913    5837  4.7 code
    797       1  0.0 dbus-daemon
   2445    1973  3.1 chrome

----Resource Usage: 2025-02-18 14:25:01----
    PID    PPID %MEM COMMAND
   2021    1564  0.5 blueman-applet
   5913    5837  6.0 code
    797       1  0.0 dbus-daemon
   2445    1973  3.1 chrome
   1540    1525  0.1 wireplumber

----Resource Usage: 2025-02-18 14:30:01----
    PID    PPID %MEM COMMAND
   2021    1564  0.5 blueman-applet
   5913    5837  4.1 code
  17686   17651  3.2 code
  17651    5829  5.1 code
    797       1  0.0 dbus-daemon

----Resource Usage: 2025-02-18 14:35:01----
    PID    PPID %MEM COMMAND
   2021    1564  0.5 blueman-applet
   5913    5837  5.5 code
    797       1  0.0 dbus-daemon
   2445    1973  3.1 chrome
  17686   17651  3.0 code

----Resource Usage: 2025-02-18 14:40:01----
    PID    PPID %MEM COMMAND
   2021    1564  0.5 blueman-applet
   5913    5837  5.5 code
    797       1  0.0 dbus-daemon
   2445    1973  3.1 chrome
   1540    1525  0.1 wireplumber

----Resource Usage: 2025-02-18 14:45:01----
    PID    PPID %MEM COMMAND
   2021    1564  0.5 blueman-applet
  20023   19701  4.8 code
  19701    1973  2.4 code
  19787   19709  2.5 code
    797       1  0.0 dbus-daemon

----Resource Usage: 2025-02-18 14:50:01----
    PID    PPID %MEM COMMAND
  22064   22060  0.0 ps
  19787   19709  5.6 code
   2021    1564  0.6 blueman-applet
  21569   20688  4.5 code
    797       1  0.0 dbus-daemon

----Resource Usage: 2025-02-18 14:55:01----
    PID    PPID %MEM COMMAND
  19787   19709  4.7 code
  22877   22858 10.4 next-server (v1
   2021    1564  0.6 blueman-applet
  23588       1  0.5 fwupd
    797       1  0.0 dbus-daemon

----Resource Usage: 2025-02-18 15:00:01----
    PID    PPID %MEM COMMAND
  19787   19709  4.8 code
   2021    1564  0.7 blueman-applet
    797       1  0.0 dbus-daemon
  19701    1973  2.6 code
   2445    1973  3.1 chrome

----Resource Usage: 2025-02-18 15:05:01----
    PID    PPID %MEM COMMAND
  24429   24425  0.0 ps
   2021    1564  0.7 blueman-applet
  19787   19709  4.8 code
    797       1  0.0 dbus-daemon
   1540    1525  0.1 wireplumber

----Resource Usage: 2025-02-18 15:10:01----
    PID    PPID %MEM COMMAND
   2021    1564  0.7 blueman-applet
  19787   19709  4.8 code
    797       1  0.0 dbus-daemon
   1540    1525  0.1 wireplumber
   2445    1973  3.1 chrome

----Resource Usage: 2025-02-18 15:25:01----
    PID    PPID %MEM COMMAND
  26819   26815  0.0 ps
   2021    1564  0.7 blueman-applet
  25659   19701  5.6 code
    797       1  0.0 dbus-daemon
  19787   19709  3.2 code

----Resource Usage: 2025-02-18 15:30:01----
    PID    PPID %MEM COMMAND
   2021    1564  0.7 blueman-applet
    797       1  0.0 dbus-daemon
  19787   19709  3.3 code
   1540    1525  0.1 wireplumber
   2445    1973  3.2 chrome

----Resource Usage: 2025-02-18 15:35:01----
    PID    PPID %MEM COMMAND
   2021    1564  0.7 blueman-applet
    797       1  0.0 dbus-daemon
  19787   19709  3.2 code
   1540    1525  0.1 wireplumber
   2445    1973  3.4 chrome

----Resource Usage: 2025-02-18 15:40:01----
    PID    PPID %MEM COMMAND
   2021    1564  0.7 blueman-applet
    797       1  0.0 dbus-daemon
  28514    2464  1.3 chrome
  19787   19709  3.3 code
   1540    1525  0.1 wireplumber

----Resource Usage: 2025-02-18 15:45:01----
    PID    PPID %MEM COMMAND
   2021    1564  0.7 blueman-applet
    797       1  0.0 dbus-daemon
   1540    1525  0.1 wireplumber
  19787   19709  3.2 code
   2445    1973  3.2 chrome

----Resource Usage: 2025-02-18 15:50:01----
    PID    PPID %MEM COMMAND
  29224   29220  0.0 ps
   2021    1564  0.7 blueman-applet
    797       1  0.0 dbus-daemon
   1540    1525  0.1 wireplumber
  19787   19709  3.3 code

----Resource Usage: 2025-02-18 15:55:01----
    PID    PPID %MEM COMMAND
   2021    1564  0.7 blueman-applet
    797       1  0.0 dbus-daemon
   1540    1525  0.1 wireplumber
   2445    1973  3.2 chrome
  19787   19709  3.4 code

----Resource Usage: 2025-02-18 16:10:01----
    PID    PPID %MEM COMMAND
   2021    1564  0.7 blueman-applet
    797       1  0.0 dbus-daemon
   1540    1525  0.1 wireplumber
   2445    1973  3.2 chrome
  19787   19709  3.3 code

----Resource Usage: 2025-02-18 16:15:01----
    PID    PPID %MEM COMMAND
  30465   30461  0.0 ps
   2021    1564  0.8 blueman-applet
    797       1  0.0 dbus-daemon
   1540    1525  0.1 wireplumber
   2445    1973  3.2 chrome

----Resource Usage: 2025-02-18 16:20:01----
    PID    PPID %MEM COMMAND
  30771   30767  0.0 ps
   2021    1564  0.8 blueman-applet
    797       1  0.0 dbus-daemon
   1540    1525  0.1 wireplumber
   2445    1973  3.2 chrome

----Resource Usage: 2025-02-18 16:25:01----
    PID    PPID %MEM COMMAND
   2021    1564  0.8 blueman-applet
    797       1  0.0 dbus-daemon
   1540    1525  0.1 wireplumber
   2445    1973  3.2 chrome
  19787   19709  3.3 code

----Resource Usage: 2025-02-18 16:30:01----
    PID    PPID %MEM COMMAND
   2021    1564  0.8 blueman-applet
    797       1  0.0 dbus-daemon
   1540    1525  0.1 wireplumber
   2445    1973  3.2 chrome
  19701    1973  2.7 code

----Resource Usage: 2025-02-18 16:35:01----
    PID    PPID %MEM COMMAND
  31814   31810  0.0 ps
  31694    1973  1.0 blueman-manager
   2021    1564  0.8 blueman-applet
    797       1  0.0 dbus-daemon
   1540    1525  0.2 wireplumber

----Resource Usage: 2025-02-18 16:40:01----
    PID    PPID %MEM COMMAND
  31694    1973  1.0 blueman-manager
   2021    1564  0.8 blueman-applet
    797       1  0.0 dbus-daemon
   1540    1525  0.2 wireplumber
   2445    1973  3.3 chrome

----Resource Usage: 2025-02-18 16:45:01----
    PID    PPID %MEM COMMAND
  31694    1973  1.0 blueman-manager
   2021    1564  0.8 blueman-applet
  32537    2464  1.3 chrome
    797       1  0.0 dbus-daemon
   1540    1525  0.2 wireplumber

----Resource Usage: 2025-02-18 16:50:01----
    PID    PPID %MEM COMMAND
  31694    1973  1.1 blueman-manager
   2021    1564  0.8 blueman-applet
    797       1  0.0 dbus-daemon
   1540    1525  0.2 wireplumber
  24876    2464  6.6 chrome

----Resource Usage: 2025-02-18 16:55:01----
    PID    PPID %MEM COMMAND
  34263   34259  0.0 ps
  31694    1973  1.1 blueman-manager
   2021    1564  0.8 blueman-applet
    797       1  0.0 dbus-daemon
  33551   33532  8.8 next-server (v1

----Resource Usage: 2025-02-18 17:00:01----
    PID    PPID %MEM COMMAND
  31694    1973  1.2 blueman-manager
  34382    2464  3.5 chrome
   2021    1564  0.8 blueman-applet
    797       1  0.0 dbus-daemon
   1540    1525  0.2 wireplumber

----Resource Usage: 2025-02-18 17:05:01----
    PID    PPID %MEM COMMAND
  34955   34951  0.0 ps
  31694    1973  1.2 blueman-manager
   2021    1564  0.8 blueman-applet
  34382    2464  3.5 chrome
    797       1  0.0 dbus-daemon

----Resource Usage: 2025-02-18 17:10:02----
    PID    PPID %MEM COMMAND
  31694    1973  1.3 blueman-manager
   2021    1564  0.8 blueman-applet
    797       1  0.0 dbus-daemon
  34382    2464  3.6 chrome
   1540    1525  0.2 wireplumber

----Resource Usage: 2025-02-18 17:15:01----
    PID    PPID %MEM COMMAND
  36399   36395  0.0 ps
  31694    1973  1.3 blueman-manager
   2021    1564  0.9 blueman-applet
    797       1  0.0 dbus-daemon
  34382    2464  3.7 chrome

----Resource Usage: 2025-02-18 17:20:01----
    PID    PPID %MEM COMMAND
  31694    1973  2.6 blueman-manager
   2021    1564  0.8 blueman-applet
    797       1  0.0 dbus-daemon
  34382    2464  3.5 chrome
   1540    1525  0.2 wireplumber

----Resource Usage: 2025-02-18 17:25:01----
    PID    PPID %MEM COMMAND
  31694    1973  2.6 blueman-manager
   2021    1564  0.9 blueman-applet
    797       1  0.0 dbus-daemon
  34382    2464  3.7 chrome
   1540    1525  0.2 wireplumber

----Resource Usage: 2025-02-18 17:30:01----
    PID    PPID %MEM COMMAND
  31694    1973  2.6 blueman-manager
   2021    1564  0.9 blueman-applet
    797       1  0.0 dbus-daemon
  34382    2464  3.5 chrome
   1540    1525  0.2 wireplumber

----Resource Usage: 2025-02-18 17:35:01----
    PID    PPID %MEM COMMAND
  38993   38989  0.0 ps
  31694    1973  2.7 blueman-manager
   2021    1564  0.9 blueman-applet
    797       1  0.0 dbus-daemon
  38798    2464  3.4 chrome

----Resource Usage: 2025-02-18 17:40:01----
    PID    PPID %MEM COMMAND
  31694    1973  2.7 blueman-manager
   2021    1564  0.9 blueman-applet
    797       1  0.0 dbus-daemon
   1540    1525  0.2 wireplumber
  34382    2464  3.9 chrome

----Resource Usage: 2025-02-18 17:45:01----
    PID    PPID %MEM COMMAND
  31694    1973  2.7 blueman-manager
   2021    1564  0.9 blueman-applet
  41080    2464  1.6 chrome
    797       1  0.0 dbus-daemon
  34382    2464  3.5 chrome

----Resource Usage: 2025-02-18 17:50:01----
    PID    PPID %MEM COMMAND
  31694    1973  2.6 blueman-manager
  41089    2464  5.5 chrome
   2021    1564  0.8 blueman-applet
    797       1  0.0 dbus-daemon
  34382    2464  3.5 chrome

----Resource Usage: 2025-02-18 17:55:01----
    PID    PPID %MEM COMMAND
  31694    1973  2.6 blueman-manager
  42896    2464  3.0 chrome
   2021    1564  0.8 blueman-applet
    797       1  0.0 dbus-daemon
  34382    2464  4.0 chrome

----Resource Usage: 2025-02-18 18:00:01----
    PID    PPID %MEM COMMAND
  43457   43453  0.0 ps
   2021    1564  0.8 blueman-applet
  43031   42835  4.1 slack
    797       1  0.0 dbus-daemon
   1540    1525  0.2 wireplumber

----Resource Usage: 2025-02-18 21:40:01----
    PID    PPID %MEM COMMAND
   2420    2309  5.1 slack
   2342    2306  1.8 slack
   2302    1971  2.3 slack
   1971    1933  2.3 cinnamon
   1160    1145  1.2 Xorg

----Resource Usage: 2025-02-18 21:45:01----
    PID    PPID %MEM COMMAND
   2784    2588  6.2 chrome
   2616    2585  2.5 chrome
   2420    2309  5.0 slack
   2568    1971  4.0 chrome
   1971    1933  2.4 cinnamon

----Resource Usage: 2025-02-18 21:50:01----
    PID    PPID %MEM COMMAND
   4299    4295  0.0 ps
   2784    2588  7.6 chrome
   2616    2585  2.5 chrome
   1971    1933  2.4 cinnamon
   2420    2309  4.9 slack

----Resource Usage: 2025-02-18 21:55:01----
    PID    PPID %MEM COMMAND
   2784    2588  8.2 chrome
   2616    2585  2.5 chrome
   1971    1933  2.4 cinnamon
   2420    2309  5.0 slack
   1160    1145  1.3 Xorg

----Resource Usage: 2025-02-18 22:00:01----
    PID    PPID %MEM COMMAND
   2784    2588  9.0 chrome
   2616    2585  2.5 chrome
   1971    1933  2.4 cinnamon
   1160    1145  1.3 Xorg
   2420    2309  5.0 slack

----Resource Usage: 2025-02-18 22:05:01----
    PID    PPID %MEM COMMAND
   2784    2588  9.2 chrome
   2616    2585  2.5 chrome
   1971    1933  2.4 cinnamon
   1160    1145  1.3 Xorg
   2420    2309  4.7 slack

