----Resource Usage: 2025-01-23 09:10:01----
    PID    PPID %MEM COMMAND
   1765    1722  2.3 cinnamon
   1094    1085  1.2 Xorg
      1       0  0.1 systemd
   2170       1  0.6 mintreport-tray
   1811    1357  0.7 blueman-applet

----Resource Usage: 2025-01-23 09:15:01----
    PID    PPID %MEM COMMAND
   1765    1722  2.3 cinnamon
   2170       1  0.6 mintreport-tray
   1094    1085  1.2 Xorg
      1       0  0.1 systemd
   1954       1  0.5 blueman-tray

----Resource Usage: 2025-01-23 09:20:01----
    PID    PPID %MEM COMMAND
   2472    2365  5.3 slack
   2983       1  3.5 chrome
   2649    2576  3.2 code
   2695    2568  4.9 code
   3030    2983  1.5 chrome

----Resource Usage: 2025-01-23 09:25:01----
    PID    PPID %MEM COMMAND
   3396    3002  4.7 chrome
   4321    3002  6.7 chrome
   3028    2999  2.5 chrome
   2983       1  3.9 chrome
   2472    2365  5.3 slack

----Resource Usage: 2025-01-23 09:30:01----
    PID    PPID %MEM COMMAND
   4321    3002  6.5 chrome
   3396    3002  4.3 chrome
   3028    2999  2.5 chrome
   2472    2365  5.2 slack
   2983       1  4.0 chrome

----Resource Usage: 2025-01-23 09:35:01----
    PID    PPID %MEM COMMAND
   5207    5203  0.0 ps
   4321    3002  7.4 chrome
   3028    2999  2.5 chrome
   3396    3002  4.3 chrome
   1765    1722  2.5 cinnamon

----Resource Usage: 2025-01-23 09:40:01----
    PID    PPID %MEM COMMAND
   5342    5338  0.0 ps
   4321    3002  7.6 chrome
   3028    2999  2.5 chrome
   3396    3002  4.3 chrome
   1765    1722  2.5 cinnamon

----Resource Usage: 2025-01-23 09:45:01----
    PID    PPID %MEM COMMAND
   5457    5453  0.0 ps
   4321    3002  7.8 chrome
   3028    2999  2.5 chrome
   3396    3002  4.3 chrome
   1765    1722  2.5 cinnamon

----Resource Usage: 2025-01-23 09:50:01----
    PID    PPID %MEM COMMAND
   5566    5562  0.0 ps
   4321    3002  8.0 chrome
   3028    2999  2.5 chrome
   3396    3002  4.3 chrome
   1765    1722  2.5 cinnamon

----Resource Usage: 2025-01-23 09:55:01----
    PID    PPID %MEM COMMAND
   4321    3002  8.1 chrome
   3028    2999  2.5 chrome
   3396    3002  4.3 chrome
   1765    1722  2.5 cinnamon
   1094    1085  1.4 Xorg

----Resource Usage: 2025-01-23 10:00:01----
    PID    PPID %MEM COMMAND
   4321    3002  7.2 chrome
   3028    2999  2.4 chrome
   3396    3002  4.7 chrome
   1765    1722  2.5 cinnamon
   1094    1085  1.4 Xorg

----Resource Usage: 2025-01-23 10:05:02----
    PID    PPID %MEM COMMAND
   5914    5910  0.0 ps
   4321    3002  8.3 chrome
   3028    2999  2.5 chrome
   3396    3002  4.5 chrome
   1765    1722  2.5 cinnamon

----Resource Usage: 2025-01-23 10:10:01----
    PID    PPID %MEM COMMAND
   4321    3002  7.6 chrome
   3028    2999  2.4 chrome
   3396    3002  4.5 chrome
   1765    1722  2.5 cinnamon
   1094    1085  1.4 Xorg

----Resource Usage: 2025-01-23 10:15:01----
    PID    PPID %MEM COMMAND
   6164    6160  0.0 ps
   4321    3002  7.9 chrome
   3028    2999  2.4 chrome
   3396    3002  4.5 chrome
   1765    1722  2.5 cinnamon

----Resource Usage: 2025-01-23 10:20:01----
    PID    PPID %MEM COMMAND
   4321    3002 10.6 chrome
   3028    2999  2.4 chrome
   3396    3002  4.5 chrome
   1765    1722  2.5 cinnamon
   1094    1085  1.4 Xorg

----Resource Usage: 2025-01-23 10:25:01----
    PID    PPID %MEM COMMAND
   4321    3002  7.9 chrome
   3028    2999  2.4 chrome
   3396    3002  4.7 chrome
   1765    1722  2.5 cinnamon
   1094    1085  1.4 Xorg

----Resource Usage: 2025-01-23 10:30:01----
    PID    PPID %MEM COMMAND
   6700    6696  0.0 ps
   4321    3002  7.9 chrome
   3028    2999  2.4 chrome
   3396    3002  4.9 chrome
   1765    1722  2.5 cinnamon

----Resource Usage: 2025-01-23 10:35:01----
    PID    PPID %MEM COMMAND
   4321    3002  8.1 chrome
   3396    3002  5.0 chrome
   3028    2999  2.4 chrome
   1765    1722  2.6 cinnamon
   1094    1085  1.4 Xorg

----Resource Usage: 2025-01-23 10:40:01----
    PID    PPID %MEM COMMAND
   4321    3002  7.9 chrome
   3396    3002  5.0 chrome
   3028    2999  2.4 chrome
   1765    1722  2.6 cinnamon
   1094    1085  1.4 Xorg

----Resource Usage: 2025-01-23 10:45:01----
    PID    PPID %MEM COMMAND
   7095    7091  0.0 ps
   4321    3002  7.9 chrome
   3396    3002  5.1 chrome
   3028    2999  2.4 chrome
   1765    1722  2.6 cinnamon

----Resource Usage: 2025-01-23 10:50:01----
    PID    PPID %MEM COMMAND
   4321    3002  7.7 chrome
   3396    3002  4.9 chrome
   3028    2999  2.4 chrome
   1765    1722  2.6 cinnamon
   1094    1085  1.4 Xorg

----Resource Usage: 2025-01-23 10:55:01----
    PID    PPID %MEM COMMAND
   4321    3002  8.0 chrome
   3396    3002  4.6 chrome
   3028    2999  2.4 chrome
   1765    1722  2.6 cinnamon
   1094    1085  1.4 Xorg

----Resource Usage: 2025-01-23 11:00:01----
    PID    PPID %MEM COMMAND
   4321    3002  8.0 chrome
   3396    3002  4.6 chrome
   3028    2999  2.4 chrome
   1765    1722  2.6 cinnamon
   1094    1085  1.4 Xorg

----Resource Usage: 2025-01-23 11:05:01----
    PID    PPID %MEM COMMAND
   4321    3002 10.5 chrome
   3028    2999  2.6 chrome
   3396    3002  4.6 chrome
   1765    1722  2.6 cinnamon
   1094    1085  1.4 Xorg

----Resource Usage: 2025-01-23 11:10:01----
    PID    PPID %MEM COMMAND
   8706    8702  0.0 ps
   4321    3002 10.6 chrome
   7977    3002  3.9 chrome
   8229    3002  4.5 chrome
   3028    2999  2.8 chrome

----Resource Usage: 2025-01-23 11:15:01----
    PID    PPID %MEM COMMAND
   4321    3002 12.3 chrome
   3028    2999  2.8 chrome
   7977    3002  3.6 chrome
   3396    3002  4.6 chrome
   1765    1722  2.6 cinnamon

----Resource Usage: 2025-01-23 11:20:01----
    PID    PPID %MEM COMMAND
   9713    9709  0.0 ps
   4321    3002 12.4 chrome
   3028    2999  2.8 chrome
   3396    3002  4.7 chrome
   7977    3002  3.6 chrome

----Resource Usage: 2025-01-23 11:25:01----
    PID    PPID %MEM COMMAND
   4321    3002 13.6 chrome
   3028    2999  2.8 chrome
   3396    3002  4.7 chrome
   1765    1722  2.6 cinnamon
   7977    3002  3.6 chrome

----Resource Usage: 2025-01-23 11:30:01----
    PID    PPID %MEM COMMAND
   4321    3002 14.6 chrome
   3028    2999  2.8 chrome
   3396    3002  4.7 chrome
   1765    1722  2.4 cinnamon
   1094    1085  1.4 Xorg

----Resource Usage: 2025-01-23 11:35:01----
    PID    PPID %MEM COMMAND
   4321    3002 14.2 chrome
   3028    2999  2.6 chrome
   3396    3002  4.7 chrome
   1765    1722  2.4 cinnamon
   1094    1085  1.4 Xorg

----Resource Usage: 2025-01-23 11:40:01----
    PID    PPID %MEM COMMAND
  10195   10191  0.0 ps
   4321    3002 11.9 chrome
   3028    2999  2.7 chrome
   3396    3002  5.0 chrome
   1765    1722  2.2 cinnamon

----Resource Usage: 2025-01-23 11:45:01----
    PID    PPID %MEM COMMAND
   4321    3002 11.7 chrome
   3028    2999  2.7 chrome
   3396    3002  5.2 chrome
   1765    1722  2.2 cinnamon
   1094    1085  1.4 Xorg

----Resource Usage: 2025-01-23 11:50:01----
    PID    PPID %MEM COMMAND
   4321    3002 12.0 chrome
   3028    2999  2.6 chrome
   3396    3002  5.3 chrome
   1765    1722  2.2 cinnamon
   1094    1085  1.4 Xorg

----Resource Usage: 2025-01-23 11:55:01----
    PID    PPID %MEM COMMAND
   4321    3002 12.0 chrome
   3028    2999  2.6 chrome
   3396    3002  5.3 chrome
   1765    1722  2.2 cinnamon
   1094    1085  1.4 Xorg

----Resource Usage: 2025-01-23 13:00:01----
    PID    PPID %MEM COMMAND
   4321    3002 11.9 chrome
   3028    2999  2.7 chrome
   3396    3002  5.3 chrome
   1765    1722  2.3 cinnamon
   1094    1085  1.4 Xorg

----Resource Usage: 2025-01-23 13:05:01----
    PID    PPID %MEM COMMAND
   4321    3002 12.2 chrome
   3028    2999  2.6 chrome
   3396    3002  4.8 chrome
  10658    3002  1.6 chrome
   1765    1722  2.3 cinnamon

----Resource Usage: 2025-01-23 13:10:01----
    PID    PPID %MEM COMMAND
  10762   10758  0.0 ps
   4321    3002 12.4 chrome
   3028    2999  2.6 chrome
   3396    3002  4.8 chrome
   1765    1722  2.3 cinnamon

----Resource Usage: 2025-01-23 13:15:01----
    PID    PPID %MEM COMMAND
   4321    3002 11.7 chrome
   3028    2999  2.7 chrome
   3396    3002  6.3 chrome
   1765    1722  2.3 cinnamon
   1094    1085  1.4 Xorg

----Resource Usage: 2025-01-23 13:20:01----
    PID    PPID %MEM COMMAND
  10953   10949  0.0 ps
   4321    3002 11.6 chrome
   3028    2999  2.7 chrome
   3396    3002  5.4 chrome
   1765    1722  2.3 cinnamon

----Resource Usage: 2025-01-23 13:25:02----
    PID    PPID %MEM COMMAND
   4321    3002 11.8 chrome
   3028    2999  2.7 chrome
   3396    3002  5.5 chrome
   1765    1722  2.3 cinnamon
   1094    1085  1.4 Xorg

----Resource Usage: 2025-01-23 13:30:01----
    PID    PPID %MEM COMMAND
   4321    3002 11.8 chrome
   3028    2999  2.7 chrome
   3396    3002  5.5 chrome
   1765    1722  2.3 cinnamon
   1094    1085  1.4 Xorg

----Resource Usage: 2025-01-23 13:35:01----
    PID    PPID %MEM COMMAND
  11024   11020  0.0 ps
   4321    3002 11.8 chrome
   3028    2999  2.7 chrome
   3396    3002  5.5 chrome
   1765    1722  2.3 cinnamon

----Resource Usage: 2025-01-23 13:40:01----
    PID    PPID %MEM COMMAND
   4321    3002 12.0 chrome
   3396    3002  5.3 chrome
   3028    2999  2.7 chrome
   1765    1722  2.3 cinnamon
   1094    1085  1.4 Xorg

----Resource Usage: 2025-01-23 13:45:01----
    PID    PPID %MEM COMMAND
   4321    3002 12.1 chrome
   3396    3002  5.5 chrome
   3028    2999  2.7 chrome
   1765    1722  2.3 cinnamon
   1094    1085  1.4 Xorg

----Resource Usage: 2025-01-23 13:50:01----
    PID    PPID %MEM COMMAND
  11089   11085  0.0 ps
   4321    3002 11.9 chrome
   3396    3002  5.5 chrome
   3028    2999  2.7 chrome
   1765    1722  2.3 cinnamon

----Resource Usage: 2025-01-23 13:55:01----
    PID    PPID %MEM COMMAND
   4321    3002 12.6 chrome
   3396    3002  5.4 chrome
   3028    2999  2.7 chrome
   1765    1722  2.3 cinnamon
   1094    1085  1.4 Xorg

----Resource Usage: 2025-01-23 14:00:01----
    PID    PPID %MEM COMMAND
  11353    3002  4.9 chrome
  11465    3002  3.8 chrome
   4321    3002 11.8 chrome
   3396    3002  5.2 chrome
   3028    2999  2.5 chrome

----Resource Usage: 2025-01-23 14:05:01----
    PID    PPID %MEM COMMAND
   4321    3002 11.4 chrome
  11353    3002  5.1 chrome
   3396    3002  4.7 chrome
   3028    2999  2.2 chrome
   1765    1722  2.1 cinnamon

----Resource Usage: 2025-01-23 14:10:01----
    PID    PPID %MEM COMMAND
   4321    3002 11.4 chrome
  11353    3002  6.7 chrome
   3396    3002  4.7 chrome
   3028    2999  2.2 chrome
   1765    1722  1.9 cinnamon

----Resource Usage: 2025-01-23 14:15:01----
    PID    PPID %MEM COMMAND
  12442   12438  0.0 ps
   4321    3002 11.6 chrome
  11353    3002  8.9 chrome
   3396    3002  4.7 chrome
   3028    2999  2.1 chrome

----Resource Usage: 2025-01-23 14:20:01----
    PID    PPID %MEM COMMAND
  13625   13621  0.0 ps
  13481    1765  6.4 Viber
   4321    3002 11.6 chrome
  11353    3002  9.5 chrome
   3396    3002  4.7 chrome

----Resource Usage: 2025-01-23 14:25:01----
    PID    PPID %MEM COMMAND
  13804   13800  0.0 ps
   4321    3002 11.6 chrome
  11353    3002  8.0 chrome
   3396    3002  4.7 chrome
   3028    2999  2.0 chrome

----Resource Usage: 2025-01-23 14:30:01----
    PID    PPID %MEM COMMAND
   4321    3002 11.2 chrome
  11353    3002  4.6 chrome
   3396    3002  4.7 chrome
   3028    2999  2.0 chrome
  13909    3002  1.5 chrome

----Resource Usage: 2025-01-23 14:35:01----
    PID    PPID %MEM COMMAND
   4321    3002 11.2 chrome
  11353    3002  4.6 chrome
   3396    3002  4.7 chrome
   3028    2999  2.0 chrome
  14051    3002  1.5 chrome

----Resource Usage: 2025-01-23 14:40:01----
    PID    PPID %MEM COMMAND
   4321    3002 11.3 chrome
  11353    3002  4.6 chrome
   3396    3002  4.7 chrome
   3028    2999  2.0 chrome
  14154    3002  1.5 chrome

----Resource Usage: 2025-01-23 14:45:01----
    PID    PPID %MEM COMMAND
   4321    3002 11.5 chrome
  11353    3002  4.6 chrome
   3396    3002  4.7 chrome
   3028    2999  2.0 chrome
  14276    3002  1.5 chrome

----Resource Usage: 2025-01-23 14:50:01----
    PID    PPID %MEM COMMAND
   4321    3002 11.5 chrome
  11353    3002  4.6 chrome
   3396    3002  4.7 chrome
   3028    2999  2.0 chrome
  14379    3002  1.5 chrome

----Resource Usage: 2025-01-23 14:55:01----
    PID    PPID %MEM COMMAND
   4321    3002 11.6 chrome
  11353    3002  4.6 chrome
   3396    3002  4.7 chrome
   3028    2999  2.0 chrome
   1765    1722  2.3 cinnamon

----Resource Usage: 2025-01-23 15:00:01----
    PID    PPID %MEM COMMAND
   4321    3002 11.0 chrome
  11353    3002  4.7 chrome
   3396    3002  4.7 chrome
   3028    2999  2.0 chrome
   1765    1722  2.3 cinnamon

----Resource Usage: 2025-01-23 15:05:01----
    PID    PPID %MEM COMMAND
   4321    3002 11.1 chrome
  11353    3002  5.7 chrome
   3396    3002  4.7 chrome
   3028    2999  2.0 chrome
  14821    3002  1.5 chrome

----Resource Usage: 2025-01-23 15:10:01----
    PID    PPID %MEM COMMAND
  14942   14938  0.0 ps
   4321    3002 11.2 chrome
  11353    3002  5.6 chrome
   3396    3002  4.7 chrome
   3028    2999  2.0 chrome

----Resource Usage: 2025-01-23 15:15:01----
    PID    PPID %MEM COMMAND
  15261   15257  0.0 ps
   4321    3002 11.3 chrome
  11353    3002  6.0 chrome
   3396    3002  4.7 chrome
   3028    2999  2.0 chrome

----Resource Usage: 2025-01-23 15:20:01----
    PID    PPID %MEM COMMAND
   4321    3002 11.3 chrome
  11353    3002  5.4 chrome
   3396    3002  4.7 chrome
   3028    2999  2.0 chrome
   1765    1722  2.5 cinnamon

----Resource Usage: 2025-01-23 15:25:01----
    PID    PPID %MEM COMMAND
  15701    3002  1.6 chrome
   4321    3002 12.4 chrome
  11353    3002  7.2 chrome
   3396    3002  4.7 chrome
   3028    2999  2.0 chrome

----Resource Usage: 2025-01-23 15:30:01----
    PID    PPID %MEM COMMAND
   4321    3002 10.7 chrome
  11353    3002  9.0 chrome
   3396    3002  4.6 chrome
   3028    2999  2.0 chrome
  16071    3002  2.1 chrome

----Resource Usage: 2025-01-23 15:35:01----
    PID    PPID %MEM COMMAND
   4321    3002 10.7 chrome
  11353    3002  8.1 chrome
  16267    3002  1.5 chrome
   3396    3002  4.6 chrome
   3028    2999  2.0 chrome

----Resource Usage: 2025-01-23 15:40:01----
    PID    PPID %MEM COMMAND
   4321    3002 10.8 chrome
  11353    3002  4.4 chrome
   3396    3002  4.6 chrome
   3028    2999  2.0 chrome
  16396    3002  1.5 chrome

----Resource Usage: 2025-01-23 15:45:01----
    PID    PPID %MEM COMMAND
  16550   16546  0.0 ps
   4321    3002 10.9 chrome
  11353    3002  4.4 chrome
   3396    3002  4.6 chrome
   3028    2999  2.0 chrome

----Resource Usage: 2025-01-23 15:50:01----
    PID    PPID %MEM COMMAND
  16656   16652  0.0 ps
   4321    3002 10.9 chrome
  11353    3002  4.4 chrome
   3396    3002  4.6 chrome
   3028    2999  2.0 chrome

----Resource Usage: 2025-01-23 15:55:01----
    PID    PPID %MEM COMMAND
   4321    3002 11.0 chrome
  11353    3002  4.4 chrome
   3396    3002  4.6 chrome
   3028    2999  2.0 chrome
  16774    3002  1.5 chrome

----Resource Usage: 2025-01-23 16:00:01----
    PID    PPID %MEM COMMAND
   4321    3002 11.1 chrome
  17006    3002  1.5 chrome
  11353    3002  4.8 chrome
   3028    2999  2.0 chrome
   1765    1722  2.5 cinnamon

----Resource Usage: 2025-01-23 16:05:01----
    PID    PPID %MEM COMMAND
   4321    3002 10.7 chrome
  17494    3002  2.9 chrome
  17445    3002  2.8 chrome
  11353    3002  4.0 chrome
   3028    2999  2.0 chrome

----Resource Usage: 2025-01-23 16:10:01----
    PID    PPID %MEM COMMAND
  17726   17722  0.0 ps
  17584    3002  3.1 chrome
   4321    3002 10.8 chrome
  17708    3002  1.5 chrome
  11353    3002  4.0 chrome

----Resource Usage: 2025-01-23 16:15:01----
    PID    PPID %MEM COMMAND
  17584    3002  3.1 chrome
   4321    3002 11.0 chrome
   3028    2999  2.0 chrome
  11353    3002  4.0 chrome
   1765    1722  2.5 cinnamon

----Resource Usage: 2025-01-23 16:20:01----
    PID    PPID %MEM COMMAND
  17584    3002  3.1 chrome
   4321    3002 11.1 chrome
   3028    2999  2.0 chrome
  11353    3002  4.0 chrome
   1765    1722  2.5 cinnamon

----Resource Usage: 2025-01-23 16:25:01----
    PID    PPID %MEM COMMAND
  17584    3002  3.1 chrome
   4321    3002 10.7 chrome
   3028    2999  2.0 chrome
  11353    3002  4.0 chrome
   1765    1722  2.5 cinnamon

----Resource Usage: 2025-01-23 16:30:01----
    PID    PPID %MEM COMMAND
  17584    3002  2.6 chrome
  19175    3002  3.6 chrome
   4321    3002 10.9 chrome
  19137    3002  3.2 chrome
  18950   15591  2.3 gdebi-gtk

----Resource Usage: 2025-01-23 16:35:01----
    PID    PPID %MEM COMMAND
  17584    3002  2.6 chrome
   4321    3002 10.6 chrome
  19175    3002  3.6 chrome
   3028    2999  2.1 chrome
  11353    3002  4.0 chrome

----Resource Usage: 2025-01-23 16:40:01----
    PID    PPID %MEM COMMAND
  19644   19640  0.0 ps
  19597    2576  1.3 code
  17584    3002  2.6 chrome
  19485    2568  4.4 code
   4321    3002 10.4 chrome

----Resource Usage: 2025-01-23 16:45:01----
    PID    PPID %MEM COMMAND
  19711   19707  0.0 ps
  17584    3002  2.6 chrome
   4321    3002 10.6 chrome
  19597    2576  1.2 code
   3028    2999  2.0 chrome

----Resource Usage: 2025-01-23 16:50:01----
    PID    PPID %MEM COMMAND
  17584    3002  2.6 chrome
   4321    3002 10.3 chrome
   3028    2999  2.0 chrome
  11353    3002  4.0 chrome
   1765    1722  2.5 cinnamon

----Resource Usage: 2025-01-23 16:55:02----
    PID    PPID %MEM COMMAND
  20285    2576  1.6 code
  20360    3002  2.9 chrome
  17584    3002  2.6 chrome
   4321    3002 10.4 chrome
  20331    3002  2.6 chrome

----Resource Usage: 2025-01-23 17:00:01----
    PID    PPID %MEM COMMAND
  20540    3002  5.8 chrome
   4321    3002 10.5 chrome
  17584    3002  2.6 chrome
   3028    2999  2.1 chrome
  11353    3002  3.9 chrome

----Resource Usage: 2025-01-23 17:05:01----
    PID    PPID %MEM COMMAND
  20795    3002  2.0 chrome
  20540    3002  3.6 chrome
   4321    3002 10.5 chrome
  17584    3002  2.7 chrome
   3028    2999  2.1 chrome

----Resource Usage: 2025-01-23 17:10:01----
    PID    PPID %MEM COMMAND
  20540    3002  3.2 chrome
   4321    3002 10.5 chrome
  17584    3002  2.6 chrome
   3028    2999  2.0 chrome
  11353    3002  3.7 chrome

----Resource Usage: 2025-01-23 17:15:01----
    PID    PPID %MEM COMMAND
  20540    3002  3.6 chrome
   4321    3002 10.0 chrome
  17584    3002  2.6 chrome
   3028    2999  2.0 chrome
  11353    3002  3.7 chrome

----Resource Usage: 2025-01-23 17:20:01----
    PID    PPID %MEM COMMAND
  20540    3002  3.4 chrome
   4321    3002 10.3 chrome
  17584    3002  2.6 chrome
   3028    2999  2.0 chrome
  11353    3002  3.7 chrome

----Resource Usage: 2025-01-23 17:25:01----
    PID    PPID %MEM COMMAND
  20540    3002  3.6 chrome
   4321    3002 10.8 chrome
  17584    3002  2.6 chrome
   3028    2999  2.1 chrome
  11353    3002  3.7 chrome

----Resource Usage: 2025-01-23 17:30:01----
    PID    PPID %MEM COMMAND
   4321    3002  9.7 chrome
  20540    3002  3.2 chrome
  17584    3002  2.6 chrome
   3028    2999  1.8 chrome
  21986    3002  1.5 chrome

----Resource Usage: 2025-01-23 17:35:01----
    PID    PPID %MEM COMMAND
   4321    3002 10.2 chrome
  20540    3002  3.2 chrome
  17584    3002  2.6 chrome
   3028    2999  1.8 chrome
  22212    3002  1.5 chrome

----Resource Usage: 2025-01-23 17:40:01----
    PID    PPID %MEM COMMAND
   3028    2999  1.7 chrome
   1765    1722  2.5 cinnamon
   2472    2365  3.9 slack
   2983       1  3.7 chrome
   1094    1085  0.6 Xorg

----Resource Usage: 2025-01-23 17:45:01----
    PID    PPID %MEM COMMAND
  22579   22575  0.0 ps
   3028    2999  1.7 chrome
   1765    1722  2.5 cinnamon
   2472    2365  3.8 slack
   2983       1  3.7 chrome

----Resource Usage: 2025-01-23 17:50:01----
    PID    PPID %MEM COMMAND
   3028    2999  1.7 chrome
   1765    1722  2.5 cinnamon
   2472    2365  3.5 slack
   2983       1  3.7 chrome
   1094    1085  0.6 Xorg

----Resource Usage: 2025-01-23 17:55:01----
    PID    PPID %MEM COMMAND
   3028    2999  1.7 chrome
   1765    1722  2.5 cinnamon
   2472    2365  3.8 slack
   2983       1  3.7 chrome
   1094    1085  0.6 Xorg

