----Resource Usage: 2025-01-29 09:45:16----
    PID    PPID %MEM COMMAND
   1760    1716  2.3 cinnamon
   1098    1088  1.2 Xorg
      1       0  0.1 systemd
   1814    1359  0.7 blueman-applet
   1817    1359  0.8 nemo-desktop

----Resource Usage: 2025-01-29 09:50:01----
    PID    PPID %MEM COMMAND
   2205       1  1.9 fwupd
   1760    1716  2.3 cinnamon
   2179       1  0.6 mintreport-tray
   1098    1088  1.2 Xorg
      1       0  0.1 systemd

----Resource Usage: 2025-01-29 09:55:01----
    PID    PPID %MEM COMMAND
   1760    1716  2.3 cinnamon
   2205       1  1.9 fwupd
   2179       1  0.6 mintreport-tray
   1098    1088  1.2 Xorg
      1       0  0.1 systemd

----Resource Usage: 2025-01-29 10:00:01----
    PID    PPID %MEM COMMAND
   4504    4350  6.9 brave
   4337    4329  4.7 brave
   3733    3645  5.9 slack
   4557    4350  2.4 brave
   4432    4350  3.2 brave

----Resource Usage: 2025-01-29 10:05:01----
    PID    PPID %MEM COMMAND
   5136    5132  0.0 ps
   4313    3816  7.3 chrome
   3842    3813  2.5 chrome
   4504    4350  4.4 brave
   3733    3645  5.7 slack

----Resource Usage: 2025-01-29 10:10:01----
    PID    PPID %MEM COMMAND
   5359    5355  0.0 ps
   4313    3816  7.1 chrome
   3842    3813  2.5 chrome
   4504    4350  4.5 brave
   3733    3645  5.7 slack

----Resource Usage: 2025-01-29 10:15:01----
    PID    PPID %MEM COMMAND
   4313    3816  9.6 chrome
   3842    3813  2.6 chrome
   4504    4350  4.4 brave
   1760    1716  2.5 cinnamon
   3796       1  3.9 chrome

----Resource Usage: 2025-01-29 10:20:01----
    PID    PPID %MEM COMMAND
   6166    6162  0.0 ps
   4313    3816 11.3 chrome
   3842    3813  2.5 chrome
   1760    1716  2.3 cinnamon
   4504    4350  4.5 brave

----Resource Usage: 2025-01-29 10:25:01----
    PID    PPID %MEM COMMAND
   6446    6442  0.0 ps
   4313    3816 10.2 chrome
   3842    3813  2.6 chrome
   1760    1716  2.3 cinnamon
   4504    4350  4.5 brave

----Resource Usage: 2025-01-29 10:30:01----
    PID    PPID %MEM COMMAND
   6993    6989  0.0 ps
   4313    3816 10.7 chrome
   3842    3813  2.5 chrome
   1760    1716  2.3 cinnamon
   6752    3057  4.5 code

----Resource Usage: 2025-01-29 10:35:01----
    PID    PPID %MEM COMMAND
   4313    3816 11.4 chrome
   3842    3813  2.5 chrome
   1760    1716  2.3 cinnamon
   4504    4350  4.4 brave
   1098    1088  1.2 Xorg

----Resource Usage: 2025-01-29 10:40:01----
    PID    PPID %MEM COMMAND
   7645    7641  0.0 ps
   4313    3816 11.7 chrome
   3842    3813  2.5 chrome
   1760    1716  2.2 cinnamon
   4504    4350  4.5 brave

----Resource Usage: 2025-01-29 10:45:01----
    PID    PPID %MEM COMMAND
   4313    3816 11.6 chrome
   3842    3813  2.4 chrome
   1760    1716  2.1 cinnamon
   4504    4350  4.5 brave
   1098    1088  1.1 Xorg

----Resource Usage: 2025-01-29 10:50:01----
    PID    PPID %MEM COMMAND
   8201    3816  5.1 chrome
   4313    3816 11.6 chrome
   3842    3813  2.4 chrome
   8272    3796  0.9 chrome
   1760    1716  2.1 cinnamon

----Resource Usage: 2025-01-29 10:55:01----
    PID    PPID %MEM COMMAND
   4313    3816  8.8 chrome
   8201    3816  4.5 chrome
   3842    3813  2.1 chrome
   8411    1760  6.6 Viber
   1760    1716  2.1 cinnamon

----Resource Usage: 2025-01-29 11:00:01----
    PID    PPID %MEM COMMAND
   4313    3816 10.0 chrome
   3842    3813  2.0 chrome
   8201    3816  4.6 chrome
   1760    1716  2.1 cinnamon
   4504    4350  4.4 brave

----Resource Usage: 2025-01-29 11:05:01----
    PID    PPID %MEM COMMAND
   4313    3816 10.3 chrome
   3842    3813  2.0 chrome
   8201    3816  4.5 chrome
   1760    1716  2.1 cinnamon
   4504    4350  4.4 brave

----Resource Usage: 2025-01-29 11:10:01----
    PID    PPID %MEM COMMAND
   4313    3816 12.0 chrome
   3842    3813  2.0 chrome
   8201    3816  4.8 chrome
   1760    1716  2.1 cinnamon
   4504    4350  4.4 brave

----Resource Usage: 2025-01-29 11:15:01----
    PID    PPID %MEM COMMAND
   4313    3816 12.3 chrome
   3842    3813  2.0 chrome
   8201    3816  4.7 chrome
   1760    1716  2.2 cinnamon
   4504    4350  4.4 brave

----Resource Usage: 2025-01-29 11:20:01----
    PID    PPID %MEM COMMAND
   4313    3816 11.8 chrome
   3842    3813  2.0 chrome
   8201    3816  4.7 chrome
   1760    1716  2.2 cinnamon
   4504    4350  4.4 brave

----Resource Usage: 2025-01-29 11:25:01----
    PID    PPID %MEM COMMAND
   4313    3816  8.9 chrome
   3842    3813  2.0 chrome
   1760    1716  2.2 cinnamon
   8201    3816  4.8 chrome
   4504    4350  4.3 brave

----Resource Usage: 2025-01-29 11:30:01----
    PID    PPID %MEM COMMAND
   4313    3816  9.4 chrome
   3842    3813  2.1 chrome
  10441    3816  2.1 chrome
   1760    1716  2.2 cinnamon
  10478    3816  1.3 chrome

----Resource Usage: 2025-01-29 11:35:01----
    PID    PPID %MEM COMMAND
   4313    3816 10.1 chrome
   3842    3813  2.0 chrome
   1760    1716  2.2 cinnamon
   4504    4350  4.4 brave
   8201    3816  4.7 chrome

----Resource Usage: 2025-01-29 11:40:01----
    PID    PPID %MEM COMMAND
   4313    3816  9.0 chrome
   3842    3813  2.1 chrome
   1760    1716  2.2 cinnamon
   4504    4350  4.4 brave
   8201    3816  4.7 chrome

----Resource Usage: 2025-01-29 11:45:01----
    PID    PPID %MEM COMMAND
   4313    3816  9.9 chrome
   3842    3813  2.0 chrome
   1760    1716  2.2 cinnamon
   4504    4350  4.3 brave
   8201    3816  4.7 chrome

----Resource Usage: 2025-01-29 11:50:01----
    PID    PPID %MEM COMMAND
   4313    3816 10.0 chrome
   3842    3813  2.0 chrome
   1760    1716  2.2 cinnamon
   4504    4350  4.3 brave
   8201    3816  4.7 chrome

----Resource Usage: 2025-01-29 11:55:01----
    PID    PPID %MEM COMMAND
   4313    3816 10.0 chrome
   3842    3813  2.0 chrome
   1760    1716  2.2 cinnamon
   4504    4350  4.3 brave
   1098    1088  1.1 Xorg

----Resource Usage: 2025-01-29 12:00:01----
    PID    PPID %MEM COMMAND
   4313    3816 10.1 chrome
   3842    3813  2.0 chrome
   1760    1716  2.2 cinnamon
   4504    4350  4.3 brave
   1098    1088  1.1 Xorg

----Resource Usage: 2025-01-29 12:05:01----
    PID    PPID %MEM COMMAND
   4313    3816 10.0 chrome
   3842    3813  2.0 chrome
   1760    1716  2.2 cinnamon
   4504    4350  4.3 brave
   1098    1088  1.3 Xorg

----Resource Usage: 2025-01-29 12:10:01----
    PID    PPID %MEM COMMAND
  13097   13093  0.0 ps
   4313    3816 10.0 chrome
   3842    3813  2.0 chrome
   1760    1716  2.2 cinnamon
   4504    4350  4.3 brave

----Resource Usage: 2025-01-29 12:15:01----
    PID    PPID %MEM COMMAND
   4313    3816 10.0 chrome
   3842    3813  2.0 chrome
   1760    1716  2.2 cinnamon
   4504    4350  4.3 brave
   1098    1088  1.3 Xorg

----Resource Usage: 2025-01-29 12:50:01----
    PID    PPID %MEM COMMAND
   4313    3816 10.1 chrome
  13701    3816  1.5 chrome
   3842    3813  2.0 chrome
   1760    1716  2.1 cinnamon
   4504    4350  4.2 brave

----Resource Usage: 2025-01-29 12:55:01----
    PID    PPID %MEM COMMAND
   4313    3816 11.0 chrome
   3842    3813  2.1 chrome
   1760    1716  2.1 cinnamon
   4504    4350  4.2 brave
   1098    1088  1.1 Xorg

----Resource Usage: 2025-01-29 13:00:01----
    PID    PPID %MEM COMMAND
   4313    3816 11.0 chrome
  14155       1  0.4 blueman-mechani
   3842    3813  2.0 chrome
  14144    3816  1.3 chrome
   1760    1716  2.1 cinnamon

----Resource Usage: 2025-01-29 13:05:01----
    PID    PPID %MEM COMMAND
   4313    3816 10.5 chrome
   3842    3813  2.1 chrome
   1760    1716  2.1 cinnamon
   4504    4350  4.1 brave
   1098    1088  1.1 Xorg

----Resource Usage: 2025-01-29 13:10:01----
    PID    PPID %MEM COMMAND
   4313    3816 10.6 chrome
   3842    3813  2.0 chrome
   1760    1716  2.1 cinnamon
   4504    4350  4.2 brave
   1098    1088  1.1 Xorg

----Resource Usage: 2025-01-29 13:15:01----
    PID    PPID %MEM COMMAND
   4313    3816 10.5 chrome
   3842    3813  2.0 chrome
   1760    1716  2.1 cinnamon
   4504    4350  4.2 brave
   1098    1088  1.1 Xorg

----Resource Usage: 2025-01-29 13:20:01----
    PID    PPID %MEM COMMAND
   4313    3816 10.5 chrome
   3842    3813  2.0 chrome
   1760    1716  2.1 cinnamon
   4504    4350  4.2 brave
   1098    1088  1.1 Xorg

----Resource Usage: 2025-01-29 13:25:01----
    PID    PPID %MEM COMMAND
   4313    3816 11.0 chrome
   3842    3813  2.1 chrome
   1760    1716  2.2 cinnamon
   4504    4350  4.2 brave
   1098    1088  1.1 Xorg

----Resource Usage: 2025-01-29 13:30:01----
    PID    PPID %MEM COMMAND
  15548   15544  0.0 ps
   4313    3816  9.0 chrome
   3842    3813  2.0 chrome
   1760    1716  2.2 cinnamon
   4504    4350  4.2 brave

----Resource Usage: 2025-01-29 13:35:01----
    PID    PPID %MEM COMMAND
   4313    3816  9.2 chrome
   3842    3813  2.0 chrome
   1760    1716  2.2 cinnamon
   4504    4350  4.1 brave
   1098    1088  1.1 Xorg

----Resource Usage: 2025-01-29 13:40:01----
    PID    PPID %MEM COMMAND
   4313    3816  9.0 chrome
   3842    3813  2.0 chrome
   1760    1716  2.2 cinnamon
   4504    4350  4.2 brave
   1098    1088  1.1 Xorg

----Resource Usage: 2025-01-29 13:45:01----
    PID    PPID %MEM COMMAND
   4313    3816  9.2 chrome
   3842    3813  2.0 chrome
   1760    1716  2.2 cinnamon
   4504    4350  4.2 brave
   1098    1088  1.1 Xorg

----Resource Usage: 2025-01-29 13:50:01----
    PID    PPID %MEM COMMAND
   4313    3816  9.5 chrome
   3842    3813  2.0 chrome
   4504    4350  4.1 brave
   1760    1716  2.2 cinnamon
   1098    1088  1.1 Xorg

----Resource Usage: 2025-01-29 13:55:01----
    PID    PPID %MEM COMMAND
   4313    3816  9.3 chrome
   3842    3813  2.0 chrome
   4504    4350  4.2 brave
   1760    1716  2.2 cinnamon
   1098    1088  1.1 Xorg

----Resource Usage: 2025-01-29 14:00:01----
    PID    PPID %MEM COMMAND
   4313    3816  9.6 chrome
   3842    3813  2.0 chrome
   4504    4350  4.2 brave
   1760    1716  2.2 cinnamon
   1098    1088  1.1 Xorg

----Resource Usage: 2025-01-29 14:05:01----
    PID    PPID %MEM COMMAND
   4313    3816  9.5 chrome
   3842    3813  2.0 chrome
   4504    4350  4.2 brave
   1760    1716  2.2 cinnamon
   1098    1088  1.1 Xorg

----Resource Usage: 2025-01-29 14:10:01----
    PID    PPID %MEM COMMAND
   4313    3816 10.4 chrome
   3842    3813  2.0 chrome
   4504    4350  4.3 brave
   1760    1716  2.2 cinnamon
   1098    1088  1.1 Xorg

----Resource Usage: 2025-01-29 14:15:01----
    PID    PPID %MEM COMMAND
   4313    3816 10.6 chrome
   3842    3813  2.0 chrome
   4504    4350  4.3 brave
   1760    1716  2.2 cinnamon
   1098    1088  1.1 Xorg

----Resource Usage: 2025-01-29 14:20:01----
    PID    PPID %MEM COMMAND
  17561   17560  1.0 apt
   4313    3816 10.0 chrome
  17487    4350  2.8 brave
   3842    3813  2.0 chrome
   1760    1716  2.1 cinnamon

----Resource Usage: 2025-01-29 14:25:01----
    PID    PPID %MEM COMMAND
   4313    3816 10.2 chrome
  17487    4350  3.2 brave
   3842    3813  2.0 chrome
   1760    1716  2.1 cinnamon
   1098    1088  1.0 Xorg

----Resource Usage: 2025-01-29 14:30:01----
    PID    PPID %MEM COMMAND
  19489   19485  0.0 ps
  19355   19348  2.8 node
   4313    3816 10.0 chrome
   3842    3813  2.0 chrome
  17487    4350  3.2 brave

----Resource Usage: 2025-01-29 14:35:01----
    PID    PPID %MEM COMMAND
  19628   19624  0.0 ps
   4313    3816 10.2 chrome
   3842    3813  2.0 chrome
  19355   19348  2.8 node
   1760    1716  2.1 cinnamon

----Resource Usage: 2025-01-29 14:40:01----
    PID    PPID %MEM COMMAND
   4313    3816  9.9 chrome
   3842    3813  2.0 chrome
   1760    1716  2.1 cinnamon
  17487    4350  2.9 brave
   1098    1088  1.0 Xorg

----Resource Usage: 2025-01-29 14:45:01----
    PID    PPID %MEM COMMAND
  20283   20279  0.0 ps
   4313    3816 10.1 chrome
   3842    3813  2.0 chrome
   1760    1716  2.1 cinnamon
  20189    3816  1.9 chrome

----Resource Usage: 2025-01-29 14:50:01----
    PID    PPID %MEM COMMAND
  20521   20517  0.0 ps
   4313    3816  9.9 chrome
   3842    3813  2.0 chrome
   1760    1716  2.1 cinnamon
   1098    1088  1.0 Xorg

----Resource Usage: 2025-01-29 14:55:01----
    PID    PPID %MEM COMMAND
   4313    3816 10.1 chrome
   3842    3813  2.0 chrome
   1760    1716  2.1 cinnamon
   1098    1088  1.0 Xorg
   3796       1  3.7 chrome

----Resource Usage: 2025-01-29 15:00:01----
    PID    PPID %MEM COMMAND
   4313    3816  9.8 chrome
   3842    3813  2.0 chrome
   1760    1716  2.1 cinnamon
  20823    3057  4.5 code
   1098    1088  1.0 Xorg

----Resource Usage: 2025-01-29 15:05:01----
    PID    PPID %MEM COMMAND
   4313    3816 10.1 chrome
   3842    3813  2.0 chrome
   1760    1716  2.1 cinnamon
   1098    1088  1.0 Xorg
  15924    3816  2.0 chrome

----Resource Usage: 2025-01-29 15:10:01----
    PID    PPID %MEM COMMAND
   4313    3816  9.8 chrome
   3842    3813  2.0 chrome
   1760    1716  2.1 cinnamon
  21671   21664  1.9 node
  22235   21819  0.5 npm

----Resource Usage: 2025-01-29 15:15:01----
    PID    PPID %MEM COMMAND
   4313    3816 10.0 chrome
  23052    3065  2.3 code
  23077    3057  4.2 code
   3842    3813  2.0 chrome
   1760    1716  2.2 cinnamon

----Resource Usage: 2025-01-29 15:20:01----
    PID    PPID %MEM COMMAND
   4313    3816 10.3 chrome
   3842    3813  2.0 chrome
  23052    3065  2.3 code
   1760    1716  2.2 cinnamon
  24377    3816  1.5 chrome

----Resource Usage: 2025-01-29 15:25:01----
    PID    PPID %MEM COMMAND
   4313    3816  9.9 chrome
   3842    3813  2.0 chrome
  24560    3816  3.1 chrome
   1760    1716  2.1 cinnamon
   1098    1088  1.0 Xorg

----Resource Usage: 2025-01-29 15:30:01----
    PID    PPID %MEM COMMAND
  26448    3065  3.2 code
  26474    3057  5.3 code
  26463    3057  1.4 code
  26574   26474  1.3 code
   4313    3816  9.7 chrome

----Resource Usage: 2025-01-29 15:35:01----
    PID    PPID %MEM COMMAND
   4313    3816  9.6 chrome
   3842    3813  1.5 chrome
   1760    1716  1.6 cinnamon
  26951    3816  2.6 chrome
   1098    1088  0.5 Xorg

----Resource Usage: 2025-01-29 16:05:01----
    PID    PPID %MEM COMMAND
   4313    3816  9.7 chrome
   3842    3813  1.5 chrome
   1760    1716  1.7 cinnamon
   1098    1088  0.5 Xorg
   3796       1  3.2 chrome

----Resource Usage: 2025-01-29 16:10:01----
    PID    PPID %MEM COMMAND
  33598   33594  0.0 ps
   4313    3816  9.9 chrome
  31232    3816  3.4 chrome
   3842    3813  1.5 chrome
   1760    1716  1.7 cinnamon

----Resource Usage: 2025-01-29 16:15:01----
    PID    PPID %MEM COMMAND
   4313    3816  9.6 chrome
   3842    3813  1.5 chrome
   1760    1716  1.7 cinnamon
   1098    1088  0.6 Xorg
  31232    3816  3.3 chrome

----Resource Usage: 2025-01-29 16:20:01----
    PID    PPID %MEM COMMAND
  34614    4350  6.7 brave
   4313    3816  9.7 chrome
   3842    3813  1.5 chrome
   1760    1716  1.7 cinnamon
  31300    3816  2.1 chrome

----Resource Usage: 2025-01-29 16:25:01----
    PID    PPID %MEM COMMAND
  34614    4350  7.4 brave
  35050   34455  2.0 code
   4313    3816  9.5 chrome
  35049   34455  1.8 code
  31300    3816  2.1 chrome

----Resource Usage: 2025-01-29 16:30:01----
    PID    PPID %MEM COMMAND
  34614    4350  7.1 brave
  36117    4350  3.2 brave
   4313    3816  9.7 chrome
  35997    4350  2.9 brave
  35889    4350  2.6 brave

----Resource Usage: 2025-01-29 16:35:01----
    PID    PPID %MEM COMMAND
  34614    4350  7.9 brave
  36409     798  0.0 cron
   4313    3816  9.4 chrome
   3842    3813  1.4 chrome
  31300    3816  2.1 chrome

----Resource Usage: 2025-01-29 16:40:01----
    PID    PPID %MEM COMMAND
  34614    4350  7.4 brave
  36646    3816  1.5 chrome
   4313    3816  9.6 chrome
   3842    3813  1.4 chrome
  31300    3816  2.2 chrome

----Resource Usage: 2025-01-29 16:45:01----
    PID    PPID %MEM COMMAND
  34614    4350  7.4 brave
   4313    3816  9.3 chrome
   3842    3813  1.4 chrome
  31300    3816  2.2 chrome
   1760    1716  1.8 cinnamon

----Resource Usage: 2025-01-29 16:50:01----
    PID    PPID %MEM COMMAND
  34614    4350  7.1 brave
   4313    3816  9.5 chrome
   3842    3813  1.4 chrome
   1760    1716  1.8 cinnamon
  31300    3816  2.2 chrome

----Resource Usage: 2025-01-29 16:55:01----
    PID    PPID %MEM COMMAND
  38250   38246  0.0 ps
  34614    4350  7.8 brave
   4313    3816  9.1 chrome
   3842    3813  1.3 chrome
   1760    1716  1.7 cinnamon

----Resource Usage: 2025-01-29 17:00:01----
    PID    PPID %MEM COMMAND
  38445   38441  0.0 ps
  34614    4350  7.2 brave
   4313    3816  9.3 chrome
   3842    3813  1.3 chrome
   1760    1716  1.7 cinnamon

----Resource Usage: 2025-01-29 17:05:01----
    PID    PPID %MEM COMMAND
  34614    4350  7.4 brave
   4313    3816  9.0 chrome
  38668    3816  2.9 chrome
   3842    3813  1.4 chrome
   1760    1716  1.7 cinnamon

----Resource Usage: 2025-01-29 17:10:01----
    PID    PPID %MEM COMMAND
  38997   38993  0.0 ps
  34614    4350  7.2 brave
   4313    3816  9.2 chrome
   3842    3813  1.3 chrome
   1760    1716  1.7 cinnamon

----Resource Usage: 2025-01-29 17:15:02----
    PID    PPID %MEM COMMAND
  34614    4350  7.2 brave
   4313    3816  9.5 chrome
   3842    3813  1.3 chrome
   1760    1716  1.7 cinnamon
   1098    1088  0.4 Xorg

----Resource Usage: 2025-01-29 17:20:01----
    PID    PPID %MEM COMMAND
  39343   39339  0.0 ps
  34614    4350  7.2 brave
   4313    3816  9.2 chrome
   3842    3813  1.3 chrome
   1760    1716  1.7 cinnamon

----Resource Usage: 2025-01-29 17:25:01----
    PID    PPID %MEM COMMAND
  34614    4350  7.2 brave
   4313    3816  9.5 chrome
   3842    3813  1.3 chrome
   1760    1716  1.7 cinnamon
   1098    1088  0.6 Xorg

----Resource Usage: 2025-01-29 17:30:01----
    PID    PPID %MEM COMMAND
  34614    4350  7.3 brave
   4313    3816  9.1 chrome
   3842    3813  1.3 chrome
   1760    1716  1.7 cinnamon
   1098    1088  0.4 Xorg

----Resource Usage: 2025-01-29 17:35:01----
    PID    PPID %MEM COMMAND
  34614    4350  7.2 brave
   4313    3816  9.4 chrome
   3842    3813  1.3 chrome
   1760    1716  1.7 cinnamon
   1098    1088  0.4 Xorg

----Resource Usage: 2025-01-29 17:40:01----
    PID    PPID %MEM COMMAND
  34614    4350  7.3 brave
   4313    3816  9.1 chrome
   3842    3813  1.3 chrome
   1760    1716  1.7 cinnamon
   1098    1088  0.4 Xorg

----Resource Usage: 2025-01-29 17:45:01----
    PID    PPID %MEM COMMAND
  34614    4350  7.2 brave
   4313    3816  9.4 chrome
   3842    3813  1.3 chrome
   1760    1716  1.7 cinnamon
   1098    1088  0.6 Xorg

----Resource Usage: 2025-01-29 17:50:01----
    PID    PPID %MEM COMMAND
  34614    4350  7.3 brave
   4313    3816  9.1 chrome
   3842    3813  1.3 chrome
   1760    1716  1.7 cinnamon
   1098    1088  0.4 Xorg

